[2020-11-04 13:06:07,261-logger.py]-INFO:
用例文件：C:/Users/Administrator/PycharmProjects/ECS\data\医生工作站\医生工作站-留观患者.xlsx
用例编号：1.0
接口名称：留观患者
接口地址：/triage/divid/save
用例名称：预置数据：添加待接诊患者
用例描述：预置测试数据
请求内容：id=&fullname=夏雨&cardnum=698515201409041200&bornday=1998-06-25&gender=男&tel=13525213245&card_type=01&parenttel=15721028988&reason=发烧3天，高烧不退&idcard=350814199806258560&address=江苏省南京市江宁区双龙大道1088号明月新寓花园&memberstel=夏东海&category=1&admission=步行&GreenChFlag=N&ThreeNoFlag=N&others=&consciousness=模糊&anamnesis=无&status=未接诊&source=自行来院&age=22岁&registertime=&sg=174&tz=68&il6=&crp=&cea=&afp=&myo=&ddimer=&fer=&ntprobnp=&hsctnl=&ckmb=&ctnt=&ca=&sighid=&handleid=&autograde=1001&finalgrade=&changereason=选择修改原因&reasondetail=修改原因:&hljl=已测体温超过38度，患者先要挂水退烧&nurse=高博&nurseid=10062&deptment=39&deptmentname=急诊内科&symtpomid=12562338488&symtpomzdyvalue=&symtpomzdygrade=&edts_ids=&edts_ids_qitastatus=false&edts_ids_qita=&mews_ids=&mews_score=&edts_score=&pain_score=2&fast_score=A&gcs_score=14&sign_grade=&dividtime=2020-10-07 13:34&signurl=&xgpj=&cixu=1&maxcixu=1&feijz=1&hisid=&PAADMVisitNumber=&savestatus=save&allergic_history=不详&supplement=&events_id=&events_name=&go_rct=0&remark=&GCS_xq=4,5,5&isFuzhen=N&isLiuguan=N&is_changegrade=0
实际响应：{"total":null,"message":"保存成功","rows":{"sighid":"773533155888988160","grade":"1001","id":"2011040063","fullname":"夏雨","handleid":"773533156413276160","status":"未接诊"},"status":200}
[2020-11-04 13:06:10,128-logger.py]-INFO:
用例文件：C:/Users/Administrator/PycharmProjects/ECS\data\医生工作站\医生工作站-留观患者.xlsx
用例编号：2.0
接口名称：留观患者
接口地址：/triagedoctor/index/admissions
用例名称：预置数据：门诊患者-接诊患者
用例描述：预置测试数据
请求内容：userid=2000008&userName=王旭东&departId=3&depart=急诊神经内科&patient_id=2011040063&cardNum=698515201409041200&hand_id=758618679297441792&receiveTime=2020-11-04 13:06&sex=男&age=22岁&idnum=350814199806258560&tel=13525213245&fullname=夏雨
实际响应：{"total":null,"message":"接诊成功","rows":{"saveResult":"1","id":"773533174188736512"},"status":200}
[2020-11-04 13:06:10,131-logger.py]-INFO:检查点:"message":"接诊成功"--pass
[2020-11-04 13:06:10,132-logger.py]-INFO:----------------
[2020-11-04 13:06:10,134-logger.py]-INFO:检查点:"status":200--pass
[2020-11-04 13:06:10,136-logger.py]-INFO:----------------
[2020-11-04 13:06:10,659-logger.py]-INFO:
用例文件：C:/Users/Administrator/PycharmProjects/ECS\data\医生工作站\医生工作站-留观患者.xlsx
用例编号：3.0
接口名称：留观患者
接口地址：/triagedoctor/index/savePatientLeaveDirectionDoctor
用例名称：预置数据：门诊患者-患者去向选择留观
用例描述：预置测试数据
请求内容：leavedirection={"dre":"留观","dremsg":""}&leaveTime=2020-11-04 13:06&patientid=2011040063&userId=2000008
实际响应：{"total":null,"message":"操作成功","rows":1,"status":200}
[2020-11-04 13:06:10,661-logger.py]-INFO:检查点:"message":"操作成功"--pass
[2020-11-04 13:06:10,663-logger.py]-INFO:----------------
[2020-11-04 13:06:10,665-logger.py]-INFO:检查点:"status":200--pass
[2020-11-04 13:06:10,666-logger.py]-INFO:----------------
[2020-11-04 13:06:11,311-logger.py]-INFO:
用例文件：C:/Users/Administrator/PycharmProjects/ECS\data\医生工作站\医生工作站-留观患者.xlsx
用例编号：4.0
接口名称：留观患者
接口地址：/triageobserve/index/getWard
用例名称：预置数据：留观工作站-查询留观工作站Ward
用例描述：预置测试数据
请求内容：user_id=2000008
实际响应：{"total":null,"message":"获取成功","rows":{"name":"留观室1","id":"584043716574969856"},"status":200}
[2020-11-04 13:06:12,706-logger.py]-INFO:
用例文件：C:/Users/Administrator/PycharmProjects/ECS\data\医生工作站\医生工作站-留观患者.xlsx
用例编号：5.0
接口名称：留观患者
接口地址：/triageobserve/index/setBed
用例名称：预置数据：留观工作站-患者接诊分床
用例描述：预置测试数据
请求内容：bed_id=710853545162702848&pid=2011040063&ward_id=584043716574969856&nurseid=2000008&cancel=
实际响应：{"total":null,"message":"操作成功","rows":"710853545162702848","status":200}
[2020-11-04 13:06:12,979-logger.py]-INFO:
用例文件：C:/Users/Administrator/PycharmProjects/ECS\data\医生工作站\医生工作站-留观患者.xlsx
用例编号：6.0
接口名称：留观患者
接口地址：/triagedoctor/observe/seachList
用例名称：医生工作站-留观患者-查询患者
用例描述：测试医生工作站-留观患者-输入患者姓名查询患者
请求内容：department=&grade=&doctor=&seachtext=夏雨
实际响应：{"total":1,"message":"查询成功","rows":[{"receivedepartment":null,"arrivetime":null,"depart_id":"584043716574969856","suizhen":"","observegrade":null,"type":null,"grade1":null,"STATUS":"已接诊","leavetime":null,"tel":"13525213245","id":"2011040063","others":"","receivetime":null,"dividtime":null,"consciousness":"模糊","diagnosis":null,"admission":"步行","dividenurse":null,"obs_doctor":"","registertime":null,"bornday":"1998-06-25","patient_id":"2011040063","greenchannel":"N","grade":null,"name":"留观室1","gender":"男","observegradecolor":null,"hisid":"","addbedsign":"0","cixu":null,"grade_color":null,"bedarrivetime":"2020-11-04 13:04:42","bedleavetime":null,"finalgrade":null,"bed_id":"710853545162702848","rowno":1,"falling":null,"bed_num":"留观7床","process":"","address":"江苏省南京市江宁区双龙大道1088号明月新寓花园","anamnesis":"无","bedSTATUS":"使用中","dividdepartment":null,"doctor":null,"cardnum":"698515201409041200","braden":null,"PADDiagDesc":null,"fullname":"夏雨","category":"1","autograde":null,"age":"22岁","memberstel":"夏东海","changereason":null}],"status":200}
[2020-11-04 13:06:12,981-logger.py]-INFO:检查点:"message":"查询成功"--pass
[2020-11-04 13:06:12,983-logger.py]-INFO:----------------
[2020-11-04 13:06:12,984-logger.py]-INFO:检查点:"status":200--pass
[2020-11-04 13:06:12,985-logger.py]-INFO:----------------
[2020-11-04 13:06:12,987-logger.py]-INFO:检查点:"rows":1--pass
[2020-11-04 13:06:12,988-logger.py]-INFO:----------------
[2020-11-04 13:06:13,273-logger.py]-INFO:
用例文件：C:/Users/Administrator/PycharmProjects/ECS\data\医生工作站\医生工作站-留观患者.xlsx
用例编号：7.0
接口名称：留观患者
接口地址：/triagedoctor/observe/seachList
用例名称：医生工作站-留观患者-查询留观患者列表
用例描述：测试医生工作站-留观患者-查询留观患者列表所有患者
请求内容：department=&grade=&doctor=&seachtext=
实际响应：{"total":12,"message":"查询成功","rows":[{"receivedepartment":"","arrivetime":"2020-10-27 11:25:00","depart_id":"584043716574969856","suizhen":"0","observegrade":"1001","type":null,"grade1":"1001","STATUS":"已接诊","leavetime":null,"tel":"15874120125","id":"2010270001","others":"","receivetime":null,"dividtime":"2020-10-27 11:28:00","consciousness":"清楚","diagnosis":null,"admission":"步入","dividenurse":"王旭东","obs_doctor":"余晓英","registertime":null,"bornday":"1970-01-01","patient_id":"2010270001","greenchannel":"","grade":"1001","name":"留观室1","gender":"男","observegradecolor":"#ff1a00","hisid":"","addbedsign":"0","cixu":"1","grade_color":"#ff1a00","bedarrivetime":"2020-10-27 11:25","bedleavetime":null,"finalgrade":"","bed_id":"638375526595035137","rowno":1,"falling":9,"bed_num":"留观5床","process":"出血","address":"","anamnesis":"无","bedSTATUS":"使用中","dividdepartment":"","doctor":"","cardnum":"316561323213","braden":null,"PADDiagDesc":null,"fullname":"张大军","category":"","autograde":"1001","age":"50岁","memberstel":"","changereason":""},{"receivedepartment":"","arrivetime":"2020-09-08 18:18:00","depart_id":"606041906215911424","suizhen":"0","observegrade":null,"type":null,"grade1":"1001","STATUS":"已接诊","leavetime":null,"tel":"17772328998","id":"2009080057","others":"","receivetime":null,"dividtime":"2020-09-08 18:20:00","consciousness":null,"diagnosis":null,"admission":null,"dividenurse":"李雅菲","obs_doctor":"","registertime":null,"bornday":"1990-10-03","patient_id":"2009080057","greenchannel":"","grade":"1001","name":"留观室2","gender":"未说明","observegradecolor":null,"hisid":"2004140006","addbedsign":"1","cixu":"1","grade_color":"#ff1a00","bedarrivetime":"2020-09-08 18:18","bedleavetime":null,"finalgrade":"","bed_id":"709362550436790272","rowno":5,"falling":null,"bed_num":"留观+3床","process":"","address":"","anamnesis":"其他|无","bedSTATUS":"使用中","dividdepartment":"4","doctor":"","cardnum":"56487484546","braden":null,"PADDiagDesc":null,"fullname":"李留","category":"","autograde":"1001","age":"29岁","memberstel":"","changereason":""},{"receivedepartment":null,"arrivetime":null,"depart_id":"584043716574969856","suizhen":"","observegrade":null,"type":null,"grade1":null,"STATUS":"已接诊","leavetime":null,"tel":"13525213245","id":"2011040063","others":"","receivetime":null,"dividtime":null,"consciousness":"模糊","diagnosis":null,"admission":"步行","dividenurse":null,"obs_doctor":"","registertime":null,"bornday":"1998-06-25","patient_id":"2011040063","greenchannel":"N","grade":null,"name":"留观室1","gender":"男","observegradecolor":null,"hisid":"","addbedsign":"0","cixu":null,"grade_color":null,"bedarrivetime":"2020-11-04 13:04:42","bedleavetime":null,"finalgrade":null,"bed_id":"710853545162702848","rowno":8,"falling":null,"bed_num":"留观7床","process":"","address":"江苏省南京市江宁区双龙大道1088号明月新寓花园","anamnesis":"无","bedSTATUS":"使用中","dividdepartment":null,"doctor":null,"cardnum":"698515201409041200","braden":null,"PADDiagDesc":null,"fullname":"夏雨","category":"1","autograde":null,"age":"22岁","memberstel":"夏东海","changereason":null},{"receivedepartment":null,"arrivetime":"2020-10-27 14:33:00","depart_id":"584043716574969856","suizhen":"1","observegrade":null,"type":null,"grade1":null,"STATUS":"已接诊","leavetime":null,"tel":"13898903222","id":"2010270006","others":"","receivetime":null,"dividtime":null,"consciousness":null,"diagnosis":null,"admission":null,"dividenurse":null,"obs_doctor":"","registertime":null,"bornday":"1980-02-01","patient_id":"2010270006","greenchannel":"","grade":null,"name":"留观室1","gender":"女","observegradecolor":null,"hisid":"","addbedsign":"0","cixu":null,"grade_color":null,"bedarrivetime":"2020-10-27 14:33","bedleavetime":null,"finalgrade":null,"bed_id":"710853545292726273","rowno":9,"falling":null,"bed_num":"留观8床","process":"","address":"","anamnesis":"哮喘","bedSTATUS":"使用中","dividdepartment":null,"doctor":null,"cardnum":"343453543","braden":null,"PADDiagDesc":null,"fullname":"李老师","category":"","autograde":null,"age":"40岁","memberstel":"","changereason":null},{"receivedepartment":null,"arrivetime":"2020-10-27 11:33:00","depart_id":"584043716574969856","suizhen":"1","observegrade":null,"type":null,"grade1":null,"STATUS":"已接诊","leavetime":null,"tel":"15841421542","id":"2010270002","others":"","receivetime":null,"dividtime":null,"consciousness":null,"diagnosis":null,"admission":null,"dividenurse":null,"obs_doctor":"","registertime":null,"bornday":"1991-04-01","patient_id":"2010270002","greenchannel":"","grade":null,"name":"留观室1","gender":"女","observegradecolor":null,"hisid":"","addbedsign":"0","cixu":null,"grade_color":null,"bedarrivetime":"2020-10-27 11:33","bedleavetime":null,"finalgrade":null,"bed_id":"710443578752499712","rowno":7,"falling":null,"bed_num":"留观6床","process":"","address":"","anamnesis":"无","bedSTATUS":"使用中","dividdepartment":null,"doctor":null,"cardnum":"7645434534","braden":null,"PADDiagDesc":null,"fullname":"林老师","category":"","autograde":null,"age":"29岁","memberstel":"","changereason":null},{"receivedepartment":null,"arrivetime":null,"depart_id":"584043716574969856","suizhen":"","observegrade":null,"type":"乙流,欠费,乙流","grade1":null,"STATUS":"已接诊","leavetime":null,"tel":"18959164070","id":"2009040007","others":"","receivetime":null,"dividtime":null,"consciousness":"谵妄","diagnosis":null,"admission":"平车","dividenurse":null,"obs_doctor":"","registertime":null,"bornday":"1983-04-21","patient_id":"2009040007","greenchannel":"N","grade":null,"name":"留观室1","gender":"女","observegradecolor":null,"hisid":"2004140006","addbedsign":"2","cixu":null,"grade_color":null,"bedarrivetime":"2020-10-20 11:47:45","bedleavetime":null,"finalgrade":null,"bed_id":"744871512439259136","rowno":12,"falling":null,"bed_num":"留观1平车","process":"","address":"北京市强市南湖南昌路S座 ","anamnesis":"COPD,冠心病,高血压,哮喘","bedSTATUS":"使用中","dividdepartment":null,"doctor":null,"cardnum":"8083921890853","braden":null,"PADDiagDesc":null,"fullname":"李建","category":"7","autograde":null,"age":"37岁","memberstel":"夏华","changereason":null},{"receivedepartment":null,"arrivetime":null,"depart_id":"584043716574969856","suizhen":"","observegrade":null,"type":null,"grade1":null,"STATUS":"已接诊","leavetime":null,"tel":"14596677706","id":"2010100002","others":"","receivetime":null,"dividtime":null,"consciousness":"清醒","diagnosis":null,"admission":"平车","dividenurse":null,"obs_doctor":"","registertime":null,"bornday":"1978-04-28","patient_id":"2010100002","greenchannel":"N","grade":null,"name":"留观室1","gender":"女","observegradecolor":null,"hisid":"","addbedsign":"0","cixu":null,"grade_color":null,"bedarrivetime":"2020-10-12 15:05:41","bedleavetime":null,"finalgrade":null,"bed_id":"638375526595035136","rowno":4,"falling":null,"bed_num":"留观4床","process":"","address":"新疆维吾尔自治区天津市闵行刘路W座 ","anamnesis":"无","bedSTATUS":"使用中","dividdepartment":null,"doctor":null,"cardnum":"575393088506","braden":null,"PADDiagDesc":null,"fullname":"李俊","category":"2","autograde":null,"age":"42岁","memberstel":"杜宇","changereason":null},{"receivedepartment":null,"arrivetime":null,"depart_id":"606041906215911424","suizhen":"","observegrade":null,"type":null,"grade1":null,"STATUS":"已接诊","leavetime":null,"tel":"15800002523","id":"2009210009","others":"","receivetime":null,"dividtime":null,"consciousness":"清醒","diagnosis":null,"admission":"步行","dividenurse":null,"obs_doctor":"","registertime":null,"bornday":"1983-01-30","patient_id":"2009210009","greenchannel":"N","grade":null,"name":"留观室2","gender":"女","observegradecolor":null,"hisid":"","addbedsign":"1","cixu":null,"grade_color":null,"bedarrivetime":"2020-09-21 11:20:19","bedleavetime":null,"finalgrade":null,"bed_id":"729743894979280896","rowno":10,"falling":null,"bed_num":"留观+7床","process":"","address":"江苏省南京市浦口区浦珠北路1号","anamnesis":"无","bedSTATUS":"使用中","dividdepartment":null,"doctor":null,"cardnum":"656131316166121","braden":null,"PADDiagDesc":null,"fullname":"张娜呢","category":"7","autograde":null,"age":"37岁","memberstel":"葛优","changereason":null},{"receivedepartment":null,"arrivetime":null,"depart_id":"606041906215911424","suizhen":"","observegrade":null,"type":null,"grade1":null,"STATUS":"已接诊","leavetime":null,"tel":"15800002523","id":"2009210005","others":"","receivetime":null,"dividtime":null,"consciousness":"清醒","diagnosis":null,"admission":"步行","dividenurse":null,"obs_doctor":"","registertime":null,"bornday":"1983-01-30","patient_id":"2009210005","greenchannel":"N","grade":null,"name":"留观室2","gender":"女","observegradecolor":null,"hisid":"","addbedsign":"1","cixu":null,"grade_color":null,"bedarrivetime":"2020-09-21 10:16:25","bedleavetime":null,"finalgrade":null,"bed_id":"709856906704846848","rowno":6,"falling":null,"bed_num":"留观+5床","process":"","address":"江苏省南京市浦口区浦珠北路1号","anamnesis":"无","bedSTATUS":"使用中","dividdepartment":null,"doctor":null,"cardnum":"65613131616612","braden":null,"PADDiagDesc":null,"fullname":"张娜","category":"7","autograde":null,"age":"37岁","memberstel":"葛优","changereason":null},{"receivedepartment":null,"arrivetime":null,"depart_id":"606041906215911424","suizhen":"","observegrade":null,"type":null,"grade1":null,"STATUS":"已接诊","leavetime":null,"tel":"18978385659","id":"2009210003","others":"","receivetime":null,"dividtime":null,"consciousness":"谵妄","diagnosis":null,"admission":"平车","dividenurse":null,"obs_doctor":"","registertime":null,"bornday":"1988-10-06","patient_id":"2009210003","greenchannel":"N","grade":null,"name":"留观室2","gender":"女","observegradecolor":null,"hisid":"","addbedsign":"1","cixu":null,"grade_color":null,"bedarrivetime":"2020-09-21 09:37:30","bedleavetime":null,"finalgrade":null,"bed_id":"732997752643911680","rowno":11,"falling":null,"bed_num":"留观+4床","process":"","address":"江苏省兴安盟县龙潭沈街f座 ","anamnesis":"COPD,冠心病,高血压,哮喘","bedSTATUS":"使用中","dividdepartment":null,"doctor":null,"cardnum":"1690385874946","braden":null,"PADDiagDesc":null,"fullname":"张杨","category":"7","autograde":null,"age":"31岁","memberstel":"史霞","changereason":null},{"receivedepartment":null,"arrivetime":null,"depart_id":"584043716574969856","suizhen":"","observegrade":null,"type":null,"grade1":null,"STATUS":"已接诊","leavetime":null,"tel":"15569900268","id":"2009180004","others":"","receivetime":null,"dividtime":null,"consciousness":"谵妄","diagnosis":null,"admission":"儿童抱入","dividenurse":null,"obs_doctor":"","registertime":null,"bornday":"1985-08-08","patient_id":"2009180004","greenchannel":"N","grade":null,"name":"留观室1","gender":"女","observegradecolor":null,"hisid":"","addbedsign":"0","cixu":null,"grade_color":null,"bedarrivetime":"2020-09-18 15:34:05","bedleavetime":null,"finalgrade":null,"bed_id":"638375526465011712","rowno":3,"falling":null,"bed_num":"留观3床","process":"","address":"台湾省合山县永川沈阳街W座 ","anamnesis":"COPD,冠心病,高血压,哮喘","bedSTATUS":"使用中","dividdepartment":null,"doctor":null,"cardnum":"6165933255409","braden":null,"PADDiagDesc":null,"fullname":"马亮","category":"7","autograde":null,"age":"35岁","memberstel":"马英","changereason":null},{"receivedepartment":null,"arrivetime":null,"depart_id":"584043716574969856","suizhen":"","observegrade":null,"type":null,"grade1":null,"STATUS":"已接诊","leavetime":null,"tel":"13374377879","id":"2009160001","others":"","receivetime":null,"dividtime":null,"consciousness":"谵妄","diagnosis":null,"admission":"步行","dividenurse":null,"obs_doctor":"","registertime":null,"bornday":"1982-10-26","patient_id":"2009160001","greenchannel":"N","grade":null,"name":"留观室1","gender":"男","observegradecolor":null,"hisid":"001209641400","addbedsign":"0","cixu":null,"grade_color":null,"bedarrivetime":"2020-09-16 13:33:40","bedleavetime":null,"finalgrade":null,"bed_id":"638375526267879424","rowno":2,"falling":null,"bed_num":"留观2床","process":"","address":"江西省通辽县双滦香港路Z座 ","anamnesis":"COPD,冠心病,高血压,哮喘","bedSTATUS":"使用中","dividdepartment":null,"doctor":null,"cardnum":"8141213320126","braden":null,"PADDiagDesc":null,"fullname":"吴静","category":"7","autograde":null,"age":"37岁","memberstel":"游秀兰","changereason":null}],"status":200}
[2020-11-04 13:06:13,279-logger.py]-INFO:检查点:"message":"查询成功"--pass
[2020-11-04 13:06:13,280-logger.py]-INFO:----------------
[2020-11-04 13:06:13,281-logger.py]-INFO:检查点:"status":200--pass
[2020-11-04 13:06:13,282-logger.py]-INFO:----------------
[2020-11-04 13:06:13,560-logger.py]-INFO:
用例文件：C:/Users/Administrator/PycharmProjects/ECS\data\医生工作站\医生工作站-留观患者.xlsx
用例编号：8.0
接口名称：留观患者
接口地址：/triagedoctor/index/queryDoctorList
用例名称：医生工作站-查询所有医生信息
用例描述：测试医生工作站-查询所有医生信息
请求内容：
实际响应：{"total":null,"message":"查询成功","rows":[{"tu_id":10046,"username":"黄欢欢"},{"tu_id":10047,"username":"余晓英"},{"tu_id":10053,"username":"冯彩芳"},{"tu_id":10061,"username":"胡敏"},{"tu_id":10062,"username":"高博"},{"tu_id":10065,"username":"于世明"},{"tu_id":10066,"username":"李雅菲"},{"tu_id":10069,"username":"高三"},{"tu_id":10078,"username":"jxy4"},{"tu_id":10080,"username":"jxy6"},{"tu_id":10081,"username":"万医生"},{"tu_id":10085,"username":"张无忌"},{"tu_id":10086,"username":"刘晓俊"},{"tu_id":10092,"username":"邱萍"},{"tu_id":10109,"username":"王轶锋"},{"tu_id":2000003,"username":"gaobo"},{"tu_id":2000004,"username":"滋滋"},{"tu_id":2000005,"username":"黄亚"},{"tu_id":2000008,"username":"王旭东"},{"tu_id":2000009,"username":"急诊二"},{"tu_id":2000010,"username":"主任一"},{"tu_id":2000012,"username":"急诊三"},{"tu_id":2000014,"username":"鼓楼医院医生"},{"tu_id":2000015,"username":"江苏人民医院"},{"tu_id":2000016,"username":"急诊2"}],"status":200}
[2020-11-04 13:06:13,562-logger.py]-INFO:检查点:"message":"查询成功"--pass
[2020-11-04 13:06:13,563-logger.py]-INFO:----------------
[2020-11-04 13:06:13,564-logger.py]-INFO:检查点:"status":200--pass
[2020-11-04 13:06:13,565-logger.py]-INFO:----------------
[2020-11-04 13:06:14,104-logger.py]-INFO:
用例文件：C:/Users/Administrator/PycharmProjects/ECS\data\医生工作站\医生工作站-留观患者.xlsx
用例编号：9.0
接口名称：留观患者
接口地址：/triagedoctor/observe/queryPatientInfoByPId
用例名称：医生工作站-留观患者的-查询患者信息（夏雨）
用例描述：测试医生工作站-留观患者的-查看患者信息（夏雨）
请求内容：patientid=2011040063
实际响应：{"total":null,"message":"查询成功","rows":{"reason":"发烧3天，高烧不退","hsctnl":"","tw":null,"braden_before":null,"tz":"68","ddimer":"","source":"自行来院","gradename":null,"hx":null,"fer":"","mb":null,"leavetime":null,"ssy":null,"tel":"13525213245","id":"2011040063","depart":null,"bednum":"留观7床","others":"","fzautograde":"1001","wardname":"留观室1","consciousness":"模糊","diagnosis":"","admission":"步行","gradecolor":null,"dividenurse":null,"ntprobnp":"","bornday":"1998-06-25","fzfinalgrade":"","greenchannel":"N","name":"夏雨","teshu":null,"leavedirection":null,"cea":"","status":"已接诊","myo":"","gender":"男","hisid":"","observefinishtime":null,"PAADMVisitNumber":"","bedarrivetime":"2020-11-04 13:04:42","ckmb":"","sg":"174","allergic_history":"不详","parenttel":"15721028988","ctnt":"","pcn":null,"addr":null,"ca":"","finalgrade":null,"crp":"","bed_id":"710853545162702848","address":"江苏省南京市江宁区双龙大道1088号明月新寓花园","anamnesis":"无","afp":"","dividdepartment":null,"cardnum":"698515201409041200","il6":"","szy":null,"spo2":null,"idcard":"350814199806258560","category":"肚子疼肚子疼","autograde":null,"age":"22岁","memberstel":"夏东海"},"status":200}
[2020-11-04 13:06:14,106-logger.py]-INFO:检查点:"message":"查询成功"--pass
[2020-11-04 13:06:14,108-logger.py]-INFO:----------------
[2020-11-04 13:06:14,109-logger.py]-INFO:检查点:"status":200--pass
[2020-11-04 13:06:14,111-logger.py]-INFO:----------------
[2020-11-04 13:06:14,644-logger.py]-INFO:
用例文件：C:/Users/Administrator/PycharmProjects/ECS\data\医生工作站\医生工作站-留观患者.xlsx
用例编号：10.0
接口名称：留观患者
接口地址：/triagedoctor/observe/udpatePaientInfoForRescue
用例名称：医生工作站-留观患者-更新患者信息
用例描述：测试医生工作站-留观患者列表，更新患者信息（标记了特殊、修改了过敏书和留观医生）
请求内容：doctor=黄欢欢&pid=2011040063&teshu=595271300872667136,&address=江苏省南京市江宁区双龙大道1088号明月新寓花园&memberstel=夏东海&parenttel=15721028988&sg=174&tz=68&cardnum=6985 1520 1409 0412 00&cixu=11
实际响应：{"total":null,"message":"获取成功","rows":null,"status":200}
[2020-11-04 13:06:14,646-logger.py]-INFO:检查点:"message":"获取成功"--pass
[2020-11-04 13:06:14,647-logger.py]-INFO:----------------
[2020-11-04 13:06:14,648-logger.py]-INFO:检查点:"status":200--pass
[2020-11-04 13:06:14,649-logger.py]-INFO:----------------
[2020-11-04 13:06:14,950-logger.py]-INFO:
用例文件：C:/Users/Administrator/PycharmProjects/ECS\data\医生工作站\医生工作站-留观患者.xlsx
用例编号：11.0
接口名称：留观患者
接口地址：/triagedoctor/rescue/addConsultation
用例名称：医生工作站-留观患者-会诊单申请
用例描述：测试医生工作站-留观患者-会诊单申请
请求内容：id=&type=1&medical_history=患者于2天前无明显诱因出现左下腹部疼痛不适，呈钝痛，阵发性加剧，无恶心，无呕吐，无反酸嗳气，无右肩背部放射痛，无发热，无皮肤黏膜及巩膜轻度黄染，当时未予重视，字自服药物对症治疗（具体用药情况不详），患者腹痛无缓解，且较前加重，遂就诊我院门诊给予腹部彩超检查提示：左下腹局部肠管回声异常伴后网膜增厚（请结合临床排除炎性或其他）。&purpose=疑似肿瘤&consultation_room=急诊内科,&consultation_doc=冯彩芳,&pid=2011040063&apply_room=急诊神经内科&apply_doc=王旭东&create_time=2020-11-04 13:06&save=1
实际响应：{"total":null,"message":"保存成功","rows":null,"status":200}
[2020-11-04 13:06:14,952-logger.py]-INFO:检查点:"message":"保存成功"--pass
[2020-11-04 13:06:14,953-logger.py]-INFO:----------------
[2020-11-04 13:06:14,955-logger.py]-INFO:检查点:"status":200--pass
[2020-11-04 13:06:14,956-logger.py]-INFO:----------------
[2020-11-04 13:06:15,267-logger.py]-INFO:
用例文件：C:/Users/Administrator/PycharmProjects/ECS\data\医生工作站\医生工作站-留观患者.xlsx
用例编号：12.0
接口名称：留观患者
接口地址：/triagedoctor/index/saveAegerRecord1
用例名称：医生工作站-留观患者-诊断证明
用例描述：测试医生工作站-留观患者-诊断证明保存
请求内容：p_id=2011040063&user_id=2000008&content=%3Cp+style%3D%22text-align%3A+center%3B%22%3E%3Cbr%3E%3C%2Fp%3E%3Cp+style%3D%22margin-top%3A+5px%3B+margin-left%3A+0px%3B+text-align%3A+center%3B%22%3E%3Cspan+style%3D%22font-family%3A+%E9%BB%91%E4%BD%93%2C+SimHei%3B+font-size%3A+28px%3B%22%3E%3Cspan+class%3D%22sde-ctrl+sde-label%22+id%3D%22hospitalname%22+sde-type%3D%22label%22+title%3D%22%22+sde-isloadasyncdata%3D%22false%22+contenteditable%3D%22false%22%3E%E8%9A%8C%E5%9F%A0%E5%8C%BB%E5%AD%A6%E9%99%A2%E5%8C%BB%E7%A7%91%E5%A4%A7%E5%AD%A6%E9%99%84%E5%B1%9E%E5%8C%BB%E9%99%A2%3C%2Fspan%3E%3C%2Fspan%3E%3Cbr%3E%3C%2Fp%3E%3Cp+style%3D%22text-align%3A+center%3B+margin-top%3A+5px%3B+margin-left%3A+0px%3B%22%3E%3Cspan+style%3D%22font-size%3A+41px%3B%22%3E%3Cstrong%3E%3Cspan+style%3D%22font-family%3A+%E5%AE%8B%E4%BD%93%2C+SimSun%3B%22%3E%E7%96%BE%E7%97%85%E8%AF%8A%E6%96%AD%E8%AF%81%E6%98%8E%E4%B9%A6%3C%2Fspan%3E%3C%2Fstrong%3E%3C%2Fspan%3E%3Cstrong%3E%3Cspan+style%3D%22font-size%3A+30px%3B+font-family%3A+%E5%AE%8B%E4%BD%93%2C+SimSun%3B%22%3E%26nbsp%3B%3C%2Fspan%3E%3C%2Fstrong%3E%3C%2Fp%3E%3Cp+style%3D%22text-align%3A+center%3B%22%3E%26nbsp%3B%26nbsp%3B%3C%2Fp%3E%3Cp+style%3D%22text-align%3A+justify%3B%22%3E%3Cspan+style%3D%22text-align%3A+center%3B%22%3E%3Cbr%3E%E5%A7%93%E5%90%8D%EF%BC%9A%3Cspan+class%3D%22sde-ctrl%22+id%3D%22PATName%22+sde-type%3D%22text%22+sde-model%3D%22%257B%2522desc%2522%253A%2522%2522%252C%2522required%2522%253A0%252C%2522strictverify%2522%253A0%252C%2522notdel%2522%253A0%252C%2522verify%2522%253A%2522%2522%252C%2522mode%2522%253A%2522EDITOR%2522%257D%22+sde-isloadasyncdata%3D%22false%22+_sde-right%3D%22.%22+_sde-left%3D%22%22+contenteditable%3D%22false%22%3E%3Cspan+class%3D%22sde-value%22+_sde-right%3D%22%5D%22+_sde-left%3D%22%5B%22+contenteditable%3D%22true%22%3E%E5%A4%8F%E9%9B%A8%3C%2Fspan%3E%3C%2Fspan%3E%26nbsp%3B%26nbsp%3B+%E6%80%A7%E5%88%AB%26nbsp%3B%3A%26nbsp%3B+%3Cspan+class%3D%22sde-ctrl%22+id%3D%22PATSex%22+sde-type%3D%22text%22+sde-model%3D%22%257B%2522desc%2522%253A%2522%2522%252C%2522required%2522%253A0%252C%2522strictverify%2522%253A0%252C%2522notdel%2522%253A0%252C%2522verify%2522%253A%2522%2522%252C%2522mode%2522%253A%2522EDITOR%2522%257D%22+sde-isloadasyncdata%3D%22false%22+_sde-right%3D%22.%22+_sde-left%3D%22%22+contenteditable%3D%22false%22%3E%3Cspan+class%3D%22sde-value%22+_sde-right%3D%22%5D%22+_sde-left%3D%22%5B%22+contenteditable%3D%22true%22%3E%E7%94%B7%3C%2Fspan%3E%3C%2Fspan%3E%26nbsp%3B%26nbsp%3B%26nbsp%3B+%E5%B9%B4%E9%BE%84+%3A%3Cspan+class%3D%22sde-ctrl%22+id%3D%22PATAge%22+sde-type%3D%22text%22+sde-model%3D%22%257B%2522desc%2522%253A%2522%2522%252C%2522required%2522%253A0%252C%2522strictverify%2522%253A0%252C%2522notdel%2522%253A0%252C%2522verify%2522%253A%2522%2522%252C%2522mode%2522%253A%2522EDITOR%2522%257D%22+sde-isloadasyncdata%3D%22false%22+_sde-right%3D%22.%22+_sde-left%3D%22%22+contenteditable%3D%22false%22%3E%3Cspan+class%3D%22sde-value%22+_sde-right%3D%22%5D%22+_sde-left%3D%22%5B%22+contenteditable%3D%22true%22%3E22%E5%B2%81%3C%2Fspan%3E%3C%2Fspan%3E%26nbsp%3B+%26nbsp%3B+%E5%B0%B1%E8%AF%8A%E5%8D%A1%E5%8F%B7%EF%BC%9A%3Cspan+class%3D%22sde-ctrl%22+id%3D%22cardnum%22+sde-type%3D%22text%22+sde-model%3D%22%257B%2522desc%2522%253A%2522%2522%252C%2522required%2522%253A0%252C%2522strictverify%2522%253A0%252C%2522notdel%2522%253A0%252C%2522verify%2522%253A%2522%2522%252C%2522mode%2522%253A%2522EDITOR%2522%257D%22+sde-isloadasyncdata%3D%22false%22+_sde-right%3D%22.%22+_sde-left%3D%22%22+contenteditable%3D%22false%22%3E%3Cspan+class%3D%22sde-value%22+_sde-right%3D%22%5D%22+_sde-left%3D%22%5B%22+contenteditable%3D%22true%22%3E698515201409041200%3C%2Fspan%3E%3C%2Fspan%3E%3C%2Fspan%3E%3C%2Fp%3E%3Ctable+class%3D%22sde-table%22%3E%3Ctbody%3E%3Ctr+class%3D%22firstRow%22%3E%3C%2Ftr%3E%3C%2Ftbody%3E%3C%2Ftable%3E%3Cp+style%3D%22margin-top%3A+5px%3B+margin-left%3A+0px%3B+text-align%3A+justify%3B%22%3E%3Cbr%3E%E5%8D%95%E4%BD%8D%2F%E5%9C%B0%E5%9D%80%EF%BC%9A%3Cspan+class%3D%22sde-ctrl%22+id%3D%22PADAddress%22+sde-type%3D%22text%22+sde-model%3D%22%257B%2522desc%2522%253A%2522%25E5%259C%25B0%25E5%259D%2580%2522%252C%2522required%2522%253A0%252C%2522strictverify%2522%253A0%252C%2522notdel%2522%253A0%252C%2522verify%2522%253A%2522%2522%252C%2522mode%2522%253A%2522EDITOR%2522%257D%22+sde-isloadasyncdata%3D%22false%22+_sde-right%3D%22.%22+_sde-left%3D%22%22+contenteditable%3D%22false%22%3E%3Cspan+class%3D%22sde-value%22+title%3D%22%E5%9C%B0%E5%9D%80%22+_sde-right%3D%22%5D%22+_sde-left%3D%22%5B%22+contenteditable%3D%22true%22%3E%E8%B4%B5%E5%B7%9E%E7%9C%81%E6%AC%A3%E5%8E%BF%E9%AB%98%E5%9D%AA%E7%94%B0%E8%A1%97q%E5%BA%A7+605173%3C%2Fspan%3E%3C%2Fspan%3E%3C%2Fp%3E%3Cp+style%3D%22margin-top%3A+5px%3B+margin-left%3A+0px%3B+text-align%3A+justify%3B%22%3E%3Cbr%3E%3C%2Fp%3E%3Cp+style%3D%22margin-top%3A+5px%3B+margin-left%3A+0px%3B+text-align%3A+justify%3B%22%3E%26nbsp%3B+%E7%97%85%E6%83%85%E6%91%98%E8%A6%81%EF%BC%9A%3Cspan+class%3D%22sde-ctrl%22+id%3D%22bqzy%22+sde-type%3D%22text%22+sde-model%3D%22%257B%2522desc%2522%253A%2522%2526nbsp%253B%2526nbsp%253B%2526nbsp%253B%2522%252C%2522required%2522%253A0%252C%2522strictverify%2522%253A0%252C%2522notdel%2522%253A0%252C%2522verify%2522%253A%2522%2522%252C%2522mode%2522%253A%2522EDITOR%2522%257D%22+_sde-right%3D%22.%22+_sde-left%3D%22%22+sde-isloadasyncdata%3D%22false%22+contenteditable%3D%22false%22%3E%3Cspan+class%3D%22sde-value%22+title%3D%22%26amp%3Bnbsp%3B%26amp%3Bnbsp%3B%26amp%3Bnbsp%3B%22+_sde-right%3D%22%5D%22+_sde-left%3D%22%5B%22+contenteditable%3D%22true%22+_backups%3D%22%E8%83%B8%E9%97%B7%EF%BC%8Cxiongtong%26amp%3Bnbsp%3B%26amp%3Bnbsp%3B%22%3E%E8%83%B8%E9%97%B7%EF%BC%8C%E8%83%B8%E7%97%9B%26nbsp%3B%26nbsp%3B%3C%2Fspan%3E%3C%2Fspan%3E%3C%2Fp%3E%3Cp+style%3D%22margin-top%3A+5px%3B+margin-left%3A+0px%3B+text-align%3A+justify%3B%22%3E%3Cbr%3E%3C%2Fp%3E%3Cp+style%3D%22margin-top%3A+5px%3B+margin-left%3A+0px%3B+text-align%3A+justify%3B%22%3E%26nbsp%3B%26nbsp%3B%26nbsp%3B%3Cspan+style%3D%22font-family%3A+%E6%A5%B7%E4%BD%93%2C+%E6%A5%B7%E4%BD%93_GB2312%2C+SimKai%3B%22%3E%26nbsp%3B+%26nbsp%3B%3C%2Fspan%3E%E8%AF%8A%E6%96%AD%EF%BC%9A%3Cspan+class%3D%22sde-ctrl%22+id%3D%22PADDiag%22+sde-type%3D%22text%22+sde-model%3D%22%257B%2522desc%2522%253A%2522%2522%252C%2522required%2522%253A0%252C%2522strictverify%2522%253A0%252C%2522notdel%2522%253A0%252C%2522verify%2522%253A%2522%2522%252C%2522mode%2522%253A%2522EDITOR%2522%257D%22+sde-isloadasyncdata%3D%22false%22+_sde-right%3D%22.%22+_sde-left%3D%22%22+contenteditable%3D%22false%22%3E%3Cspan+class%3D%22sde-value%22+title%3D%22%E8%AF%8A%E6%96%AD%22+_backups%3D%22%22+_sde-right%3D%22%5D%22+_sde-left%3D%22%5B%22+contenteditable%3D%22true%22%3E-%3C%2Fspan%3E%3C%2Fspan%3E%3Cbr%3E%3C%2Fp%3E%3Cp+style%3D%22margin-top%3A+5px%3B+margin-left%3A+0px%3B+text-align%3A+justify%3B%22%3E%3Cbr%3E%3C%2Fp%3E%3Cp+style%3D%22margin-top%3A+5px%3B+margin-left%3A+0px%3B+text-align%3A+justify%3B%22%3E%26nbsp%3B+%26nbsp%3B+%26nbsp%3B+%26nbsp%3B+%E5%BB%BA%E8%AE%AE%EF%BC%9A%3Cspan+class%3D%22sde-ctrl%22+id%3D%22suggest%22+sde-type%3D%22text%22+sde-model%3D%22%257B%2522desc%2522%253A%2522%2522%252C%2522required%2522%253A0%252C%2522strictverify%2522%253A0%252C%2522notdel%2522%253A0%252C%2522verify%2522%253A%2522%2522%252C%2522mode%2522%253A%2522EDITOR%2522%257D%22+sde-isloadasyncdata%3D%22false%22+_sde-right%3D%22.%22+_sde-left%3D%22%22+contenteditable%3D%22false%22%3E%3Cspan+class%3D%22sde-value%22+title%3D%22%E5%BB%BA%E8%AE%AE%22+_backups%3D%22%22+_sde-right%3D%22%5D%22+_sde-left%3D%22%5B%22+contenteditable%3D%22true%22%3E%3C%2Fspan%3E%3C%2Fspan%3E%3C%2Fp%3E%3Cp+style%3D%22margin-left%3A+-32px%3B+text-align%3A+justify%3B%22%3E%3Cspan+style%3D%22font-family%3A+%E6%A5%B7%E4%BD%93%2C+%E6%A5%B7%E4%BD%93_GB2312%2C+SimKai%3B%22%3E%3Cbr%3E%3C%2Fspan%3E%3C%2Fp%3E%3Cp+style%3D%22text-align%3A+center%3B%22%3E%3Cspan+style%3D%22font-family%3A+%E6%A5%B7%E4%BD%93%2C+%E6%A5%B7%E4%BD%93_GB2312%2C+SimKai%3B%22%3E%3Cbr%3E%3C%2Fspan%3E%3C%2Fp%3E%3Cp+style%3D%22text-align%3A+center%3B%22%3E%3Cspan+style%3D%22font-family%3A+%E6%A5%B7%E4%BD%93%2C+%E6%A5%B7%E4%BD%93_GB2312%2C+SimKai%3B%22%3E%3Cbr%3E%3C%2Fspan%3E%3C%2Fp%3E%3Cp+style%3D%22text-align%3A+center%3B%22%3E%3Cspan+style%3D%22font-family%3A+%E6%A5%B7%E4%BD%93%2C+%E6%A5%B7%E4%BD%93_GB2312%2C+SimKai%3B%22%3E%3Cbr%3E%3C%2Fspan%3E%3C%2Fp%3E%3Cp+style%3D%22text-align%3A+center%3B%22%3E%3Cspan+style%3D%22font-family%3A+%E6%A5%B7%E4%BD%93%2C+%E6%A5%B7%E4%BD%93_GB2312%2C+SimKai%3B%22%3E%3Cbr%3E%3C%2Fspan%3E%3C%2Fp%3E%3Cp+style%3D%22text-align%3A+center%3B%22%3E%3Cspan+style%3D%22font-family%3A+%E6%A5%B7%E4%BD%93%2C+%E6%A5%B7%E4%BD%93_GB2312%2C+SimKai%3B%22%3E%3Cbr%3E%3C%2Fspan%3E%3C%2Fp%3E%3Cp+style%3D%22text-align%3A+center%3B%22%3E%3Cspan+style%3D%22font-family%3A+%E6%A5%B7%E4%BD%93%2C+%E6%A5%B7%E4%BD%93_GB2312%2C+SimKai%3B%22%3E%3Cbr%3E%3C%2Fspan%3E%3C%2Fp%3E%3Cp+style%3D%22text-align%3A+center%3B%22%3E%3Cspan+style%3D%22font-family%3A+%E6%A5%B7%E4%BD%93%2C+%E6%A5%B7%E4%BD%93_GB2312%2C+SimKai%3B%22%3E%3Cbr%3E%3C%2Fspan%3E%3C%2Fp%3E%3Cp+style%3D%22text-align%3A+center%3B%22%3E%3Cspan+style%3D%22font-family%3A+%E6%A5%B7%E4%BD%93%2C+%E6%A5%B7%E4%BD%93_GB2312%2C+SimKai%3B%22%3E%3Cbr%3E%3C%2Fspan%3E%3C%2Fp%3E%3Cp+style%3D%22text-align%3A+center%3B%22%3E%3Cspan+style%3D%22font-family%3A+%E6%A5%B7%E4%BD%93%2C+%E6%A5%B7%E4%BD%93_GB2312%2C+SimKai%3B%22%3E%3Cbr%3E%3C%2Fspan%3E%3C%2Fp%3E%3Cp+style%3D%22text-align%3A+center%3B%22%3E%3Cspan+style%3D%22font-family%3A+%E6%A5%B7%E4%BD%93%2C+%E6%A5%B7%E4%BD%93_GB2312%2C+SimKai%3B%22%3E%3Cbr%3E%3C%2Fspan%3E%3C%2Fp%3E%3Cp+style%3D%22text-align%3A+center%3B%22%3E%3Cspan+style%3D%22font-family%3A+%E6%A5%B7%E4%BD%93%2C+%E6%A5%B7%E4%BD%93_GB2312%2C+SimKai%3B%22%3E%3Cbr%3E%3C%2Fspan%3E%3C%2Fp%3E%3Cp+style%3D%22text-align%3A+center%3B%22%3E%3Cspan+style%3D%22font-family%3A+%E6%A5%B7%E4%BD%93%2C+%E6%A5%B7%E4%BD%93_GB2312%2C+SimKai%3B%22%3E%3C%2Fspan%3E%3C%2Fp%3E%E6%97%A5%E6%9C%9F%EF%BC%9A%3Cspan+class%3D%22sde-ctrl%22+id%3D%22date%22+sde-type%3D%22date%22+sde-model%3D%22%257B%2522desc%2522%253A%2522%2522%252C%2522required%2522%253A0%252C%2522strictverify%2522%253A0%252C%2522notdel%2522%253A0%252C%2522mode%2522%253A%2522EDITOR%2522%252C%2522min%2522%253A%2522%2522%252C%2522max%2522%253A%2522%2522%252C%2522format%2522%253A%2522%257Byyyy%257D-%257BMM%257D-%257Bdd%257D%2522%252C%2522defvalue%2522%253A%2522%2522%257D%22+sde-isloadasyncdata%3D%22false%22+_sde-right%3D%22.%22+_sde-left%3D%22%22+contenteditable%3D%22false%22%3E%3Cspan+class%3D%22sde-value%22+_sde-right%3D%22%5D%22+_sde-left%3D%22%5B%22+contenteditable%3D%22true%22%3E2020-10-12%3C%2Fspan%3E%3C%2Fspan%3E%26nbsp%3B+%26nbsp%3B+%26nbsp%3B+%26nbsp%3B+%26nbsp%3B%26nbsp%3B+%E7%A7%91%E5%88%AB%EF%BC%9A%3Cspan+class%3D%22sde-ctrl%22+id%3D%22DeptName%22+sde-type%3D%22text%22+sde-model%3D%22%257B%2522desc%2522%253A%2522%25E7%259A%25AE%25E8%2582%25A4%25E7%25A7%2591%2522%252C%2522required%2522%253A0%252C%2522strictverify%2522%253A0%252C%2522notdel%2522%253A0%252C%2522verify%2522%253A%2522%2522%252C%2522mode%2522%253A%2522EDITOR%2522%257D%22+sde-isloadasyncdata%3D%22false%22+_sde-right%3D%22.%22+_sde-left%3D%22%22+contenteditable%3D%22false%22%3E%3Cspan+class%3D%22sde-value%22+title%3D%22%E7%9A%AE%E8%82%A4%E7%A7%91%22+_sde-right%3D%22%5D%22+_sde-left%3D%22%5B%22+contenteditable%3D%22true%22%3E%E6%80%A5%E8%AF%8A%E5%86%85%E7%A7%91%3C%2Fspan%3E%3C%2Fspan%3E%26nbsp%3B+%26nbsp%3B+%26nbsp%3B+%26nbsp%3B+%26nbsp%3B%26nbsp%3B+%E5%8C%BB%E5%B8%88%EF%BC%9A%3Cspan+class%3D%22sde-ctrl%22+id%3D%22DOCname%22+sde-type%3D%22select%22+sde-model%3D%22%257B%2522desc%2522%253A%2522%2520%2520%2520%2522%252C%2522required%2522%253A0%252C%2522multi%2522%253A0%252C%2522notdel%2522%253A0%252C%2522mode%2522%253A%2522EDITOR%2522%252C%2522bindingdata%2522%253A%255B%255D%252C%2522remotedata%2522%253Anull%257D%22+sde-isloadasyncdata%3D%22true%22+bindingdata%3D%22%5B%7B%26quot%3Bvalue%26quot%3B%3A10046%2C%26quot%3Blabel%26quot%3B%3A%26quot%3B%E9%BB%84%E6%AC%A2%E6%AC%A2%26quot%3B%7D%2C%7B%26quot%3Bvalue%26quot%3B%3A10047%2C%26quot%3Blabel%26quot%3B%3A%26quot%3B%E4%BD%99%E6%99%93%E8%8B%B1%26quot%3B%7D%2C%7B%26quot%3Bvalue%26quot%3B%3A10053%2C%26quot%3Blabel%26quot%3B%3A%26quot%3B%E5%86%AF%E5%BD%A9%E8%8A%B3%26quot%3B%7D%2C%7B%26quot%3Bvalue%26quot%3B%3A10061%2C%26quot%3Blabel%26quot%3B%3A%26quot%3B%E8%83%A1%E6%95%8F%26quot%3B%7D%2C%7B%26quot%3Bvalue%26quot%3B%3A10062%2C%26quot%3Blabel%26quot%3B%3A%26quot%3B%E9%AB%98%E5%8D%9A%26quot%3B%7D%2C%7B%26quot%3Bvalue%26quot%3B%3A10065%2C%26quot%3Blabel%26quot%3B%3A%26quot%3B%E4%BA%8E%E4%B8%96%E6%98%8E%26quot%3B%7D%2C%7B%26quot%3Bvalue%26quot%3B%3A10066%2C%26quot%3Blabel%26quot%3B%3A%26quot%3B%E6%9D%8E%E9%9B%85%E8%8F%B2%26quot%3B%7D%2C%7B%26quot%3Bvalue%26quot%3B%3A10069%2C%26quot%3Blabel%26quot%3B%3A%26quot%3B%E9%AB%98%E4%B8%89%26quot%3B%7D%2C%7B%26quot%3Bvalue%26quot%3B%3A10078%2C%26quot%3Blabel%26quot%3B%3A%26quot%3Bjxy4%26quot%3B%7D%2C%7B%26quot%3Bvalue%26quot%3B%3A10080%2C%26quot%3Blabel%26quot%3B%3A%26quot%3Bjxy6%26quot%3B%7D%2C%7B%26quot%3Bvalue%26quot%3B%3A10081%2C%26quot%3Blabel%26quot%3B%3A%26quot%3B%E4%B8%87%E5%8C%BB%E7%94%9F%26quot%3B%7D%2C%7B%26quot%3Bvalue%26quot%3B%3A10085%2C%26quot%3Blabel%26quot%3B%3A%26quot%3B%E5%BC%A0%E6%97%A0%E5%BF%8C%26quot%3B%7D%2C%7B%26quot%3Bvalue%26quot%3B%3A10086%2C%26quot%3Blabel%26quot%3B%3A%26quot%3B%E5%88%98%E6%99%93%E4%BF%8A%26quot%3B%7D%2C%7B%26quot%3Bvalue%26quot%3B%3A10092%2C%26quot%3Blabel%26quot%3B%3A%26quot%3B%E9%82%B1%E8%90%8D%26quot%3B%7D%2C%7B%26quot%3Bvalue%26quot%3B%3A10109%2C%26quot%3Blabel%26quot%3B%3A%26quot%3B%E7%8E%8B%E8%BD%B6%E9%94%8B%26quot%3B%7D%2C%7B%26quot%3Bvalue%26quot%3B%3A2000003%2C%26quot%3Blabel%26quot%3B%3A%26quot%3Bgaobo%26quot%3B%7D%2C%7B%26quot%3Bvalue%26quot%3B%3A2000004%2C%26quot%3Blabel%26quot%3B%3A%26quot%3B%E6%BB%8B%E6%BB%8B%26quot%3B%7D%2C%7B%26quot%3Bvalue%26quot%3B%3A2000005%2C%26quot%3Blabel%26quot%3B%3A%26quot%3B%E9%BB%84%E4%BA%9A%26quot%3B%7D%2C%7B%26quot%3Bvalue%26quot%3B%3A2000008%2C%26quot%3Blabel%26quot%3B%3A%26quot%3B%E7%8E%8B%E6%97%AD%E4%B8%9C%26quot%3B%7D%2C%7B%26quot%3Bvalue%26quot%3B%3A2000009%2C%26quot%3Blabel%26quot%3B%3A%26quot%3B%E6%80%A5%E8%AF%8A%E4%BA%8C%26quot%3B%7D%2C%7B%26quot%3Bvalue%26quot%3B%3A2000010%2C%26quot%3Blabel%26quot%3B%3A%26quot%3B%E4%B8%BB%E4%BB%BB%E4%B8%80%26quot%3B%7D%2C%7B%26quot%3Bvalue%26quot%3B%3A2000012%2C%26quot%3Blabel%26quot%3B%3A%26quot%3B%E6%80%A5%E8%AF%8A%E4%B8%89%26quot%3B%7D%2C%7B%26quot%3Bvalue%26quot%3B%3A2000014%2C%26quot%3Blabel%26quot%3B%3A%26quot%3B%E9%BC%93%E6%A5%BC%E5%8C%BB%E9%99%A2%E5%8C%BB%E7%94%9F%26quot%3B%7D%2C%7B%26quot%3Bvalue%26quot%3B%3A2000015%2C%26quot%3Blabel%26quot%3B%3A%26quot%3B%E6%B1%9F%E8%8B%8F%E4%BA%BA%E6%B0%91%E5%8C%BB%E9%99%A2%26quot%3B%7D%2C%7B%26quot%3Bvalue%26quot%3B%3A2000016%2C%26quot%3Blabel%26quot%3B%3A%26quot%3B%E6%80%A5%E8%AF%8A2%26quot%3B%7D%5D%22+sde-updatetime%3D%222020-10-12T08%3A36%3A02.961Z%22+_sde-right%3D%22.%22+_sde-left%3D%22%22+contenteditable%3D%22false%22+sde-value%3D%22%5B%7B%26quot%3Blabel%26quot%3B%3A%26quot%3B%E7%8E%8B%E6%97%AD%E4%B8%9C%26quot%3B%2C%26quot%3Bselected%26quot%3B%3A0%2C%26quot%3Bvalue%26quot%3B%3A%26quot%3B%E7%8E%8B%E6%97%AD%E4%B8%9C%26quot%3B%7D%5D%22%3E%3Cspan+class%3D%22sde-value+sde-select%22+title%3D%22+++%22+_sde-right%3D%22%5D%22+_sde-left%3D%22%5B%22+contenteditable%3D%22true%22%3E%E7%8E%8B%E6%97%AD%E4%B8%9C%3C%2Fspan%3E%3C%2Fspan%3E%3Cp+style%3D%22text-align%3A+left%3B%22%3E%E2%80%94%E2%80%94%E2%80%94%E2%80%94%E2%80%94%E2%80%94%E2%80%94%E2%80%94%E2%80%94%E2%80%94%E2%80%94%E2%80%94%E2%80%94%E2%80%94%E2%80%94%E2%80%94%E2%80%94%E2%80%94%E2%80%94%E2%80%94%E2%80%94%E2%80%94%E2%80%94%E2%80%94%E2%80%94%E2%80%94%E2%80%94%E2%80%94%E2%80%94%3Cbr%3E%3C%2Fp%3E
实际响应：{"total":null,"message":"保存成功","rows":1,"status":200}
[2020-11-04 13:06:15,275-logger.py]-INFO:检查点:"message":"保存成功"--pass
[2020-11-04 13:06:15,276-logger.py]-INFO:----------------
[2020-11-04 13:06:15,277-logger.py]-INFO:检查点:"status":200--pass
[2020-11-04 13:06:15,279-logger.py]-INFO:----------------
[2020-11-04 13:06:16,492-logger.py]-INFO:
用例文件：C:/Users/Administrator/PycharmProjects/ECS\data\医生工作站\医生工作站-留观患者.xlsx
用例编号：13.0
接口名称：留观患者
接口地址：/triagedoctor/observe/saveShiftInfo
用例名称：医生工作站-留观患者-交班信息
用例描述：测试医生工作站-留观患者-保存交班信息
请求内容：patientid=2011040063&create_by=2000008&id=&info=22:07遵医嘱经双人“三查八对”予RBC2U输注，未诉不适，下班继续观察其生命体征及呕血黑便情况。
实际响应：{"total":null,"message":"保存成功","rows":"773533197815250944","status":200}
[2020-11-04 13:06:16,493-logger.py]-INFO:检查点:"message":"保存成功"--pass
[2020-11-04 13:06:16,494-logger.py]-INFO:----------------
[2020-11-04 13:06:16,495-logger.py]-INFO:检查点:"status":200--pass
[2020-11-04 13:06:16,495-logger.py]-INFO:----------------
[2020-11-04 13:06:16,517-logger.py]-INFO:执行测试用例数：10  通过用例数：10  失败用例数：0
