[2020-11-04 11:41:19,812-logger.py]-INFO:
用例文件：C:/Users/Administrator/PycharmProjects/ECS\data\医生工作站\医生工作站-抢救患者.xlsx
用例编号：1.0
接口名称：抢救患者
接口地址：/triage/divid/save
用例名称：预置数据：添加待接诊患者
用例描述：预置测试数据
请求内容：id=&fullname=夏雪&cardnum=698515201409065888&bornday=1993-06-06&gender=女&tel=13525215801&card_type=01&parenttel=15721028988&reason=发烧3天，高烧不退&idcard=350814199306068560&address=江苏省南京市江宁区双龙大道1088号明月新寓花园&memberstel=夏东海&category=1&admission=步行&GreenChFlag=N&ThreeNoFlag=N&others=&consciousness=模糊&anamnesis=无&status=未接诊&source=自行来院&age=27岁&registertime=&sg=170&tz=55&il6=&crp=&cea=&afp=&myo=&ddimer=&fer=&ntprobnp=&hsctnl=&ckmb=&ctnt=&ca=&sighid=&handleid=&autograde=1001&finalgrade=&changereason=选择修改原因&reasondetail=修改原因:&hljl=已测体温超过38度，患者先要挂水退烧&nurse=高博&nurseid=10062&deptment=39&deptmentname=急诊内科&symtpomid=12562338488&symtpomzdyvalue=&symtpomzdygrade=&edts_ids=&edts_ids_qitastatus=false&edts_ids_qita=&mews_ids=&mews_score=&edts_score=&pain_score=2&fast_score=A&gcs_score=14&sign_grade=&dividtime=2020-10-07 13:34&signurl=&xgpj=&cixu=1&maxcixu=1&feijz=1&hisid=&PAADMVisitNumber=&savestatus=save&allergic_history=不详&supplement=&events_id=&events_name=&go_rct=0&remark=&GCS_xq=4,5,5&isFuzhen=N&isLiuguan=N&is_changegrade=0
实际响应：{"total":null,"message":"保存成功","rows":{"sighid":"773511824824860672","grade":"1001","id":"2011040059","fullname":"夏雪","handleid":"773511824925523968","status":"未接诊"},"status":200}
[2020-11-04 11:41:20,461-logger.py]-INFO:
用例文件：C:/Users/Administrator/PycharmProjects/ECS\data\医生工作站\医生工作站-抢救患者.xlsx
用例编号：2.0
接口名称：抢救患者
接口地址：/triagedoctor/index/admissions
用例名称：预置数据：门诊患者-接诊患者
用例描述：预置测试数据
请求内容：userid=2000008&userName=王旭东&departId=3&depart=急诊神经内科&patient_id=2011040059&cardNum=698515201409065888&hand_id=758618679297441792&receiveTime=2020-11-04 11:41&sex=女&age=27岁&idnum=350814199306068560&tel=13525215801&fullname=夏雪
实际响应：{"total":null,"message":"接诊成功","rows":{"saveResult":"1","id":"773511827194642432"},"status":200}
[2020-11-04 11:41:20,464-logger.py]-INFO:检查点:"message":"接诊成功"--pass
[2020-11-04 11:41:20,465-logger.py]-INFO:----------------
[2020-11-04 11:41:20,467-logger.py]-INFO:检查点:"status":200--pass
[2020-11-04 11:41:20,469-logger.py]-INFO:----------------
[2020-11-04 11:41:21,162-logger.py]-INFO:
用例文件：C:/Users/Administrator/PycharmProjects/ECS\data\医生工作站\医生工作站-抢救患者.xlsx
用例编号：3.0
接口名称：抢救患者
接口地址：/triagedoctor/index/savePatientLeaveDirectionDoctor
用例名称：预置数据：门诊患者-患者去向选择抢救
用例描述：预置测试数据
请求内容：leavedirection={"dre":"抢救","dremsg":""}&leaveTime=2020-11-04 11:41&patientid=2011040059&userId=2000008
实际响应：{"total":null,"message":"操作成功","rows":1,"status":200}
[2020-11-04 11:41:21,164-logger.py]-INFO:检查点:"message":"操作成功"--pass
[2020-11-04 11:41:21,165-logger.py]-INFO:----------------
[2020-11-04 11:41:21,167-logger.py]-INFO:检查点:"status":200--pass
[2020-11-04 11:41:21,168-logger.py]-INFO:----------------
[2020-11-04 11:41:21,864-logger.py]-INFO:
用例文件：C:/Users/Administrator/PycharmProjects/ECS\data\医生工作站\医生工作站-抢救患者.xlsx
用例编号：4.0
接口名称：抢救患者
接口地址：/triagerescue/index/seachBedInfo
用例名称：预置数据：抢救工作站-查询抢救室床位信息
用例描述：预置测试数据
请求内容：department=抢救室1
实际响应：{"total":22,"message":"查询成功","rows":[{"receivedepartment":"688043158591766528","arrivetime":null,"depart_id":"688043158591766528","resdoctor3":null,"type":null,"resdoctor2":null,"leavetime":null,"tel":"13866428888","id":"2010260004","others":"","receivetime":"2020-10-29 16:46:05","dividtime":"2019-08-23 13:22:00","consciousness":"","diagnosis":null,"admission":"步行","dividenurse":"高博","dividdoctor":"","registertime":null,"bornday":"1987-09-07","patient_id":"2010260004","greenchannel":"","grade":"","teshu":null,"status":"抢救已接诊","rctdiagnosis":null,"gender":"女","hisid":"","allergic_history1":null,"addbedsign":"0","cixu":"1","grade_color":null,"bedarrivetime":"2020-10-29 16:46:05","allergic_history":"","bedleavetime":null,"finalgrade":"","bed_id":"688043158914727936","rowno":1.0,"bed_num":"1","process":"","address":"","anamnesis":"","dividdepartment":"","paddiagdesc":null,"doctor":null,"cardnum":"467946164979","anonymous":null,"fullname":"李老师","category":"7","autograde":"","age":"33岁","memberstel":"","changereason":""},{"receivedepartment":null,"arrivetime":null,"depart_id":"688043158591766528","resdoctor3":null,"type":null,"resdoctor2":null,"leavetime":null,"tel":null,"id":null,"others":null,"receivetime":null,"dividtime":null,"consciousness":null,"diagnosis":null,"admission":null,"dividenurse":null,"dividdoctor":null,"registertime":null,"bornday":null,"patient_id":"2011030002","greenchannel":null,"grade":null,"teshu":null,"status":null,"rctdiagnosis":null,"gender":null,"hisid":null,"allergic_history1":null,"addbedsign":"0","cixu":null,"grade_color":null,"bedarrivetime":"2020-11-03 16:15:54","allergic_history":null,"bedleavetime":null,"finalgrade":null,"bed_id":"688043158931505152","rowno":2.0,"bed_num":"2","process":"","address":null,"anamnesis":null,"dividdepartment":null,"paddiagdesc":null,"doctor":null,"cardnum":null,"anonymous":null,"fullname":null,"category":null,"autograde":null,"age":null,"memberstel":null,"changereason":null},{"receivedepartment":"688043158591766528","arrivetime":null,"depart_id":"688043158591766528","resdoctor3":null,"type":null,"resdoctor2":null,"leavetime":null,"tel":"13300001111","id":"2010260003","others":"","receivetime":"2020-10-27 14:04:35","dividtime":"2020-10-26 14:21:00","consciousness":"模糊","diagnosis":null,"admission":"扶走","dividenurse":"高博","dividdoctor":"","registertime":null,"bornday":"2020-10-23","patient_id":"2010260003","greenchannel":"","grade":"1001","teshu":null,"status":"抢救已接诊","rctdiagnosis":null,"gender":"男","hisid":"","allergic_history1":null,"addbedsign":"0","cixu":"1","grade_color":"#f01620","bedarrivetime":"2020-10-27 14:04:35","allergic_history":"头孢","bedleavetime":null,"finalgrade":"","bed_id":"689769172434944000","rowno":3.0,"bed_num":"3","process":"急性上消化道出血","address":"Hdhhdjdjdj","anamnesis":"COPD","dividdepartment":"4","paddiagdesc":null,"doctor":null,"cardnum":"2458464","anonymous":null,"fullname":"Vend","category":"7","autograde":"1001","age":"3天","memberstel":"Hdjd","changereason":""},{"receivedepartment":"688043158591766528","arrivetime":null,"depart_id":"688043158591766528","resdoctor3":null,"type":"特殊","resdoctor2":null,"leavetime":null,"tel":"13948025966","id":"2009180001","others":"","receivetime":"2020-10-27 11:16:24","dividtime":"2020-09-18 08:02:52","consciousness":"谵妄","diagnosis":null,"admission":"步行","dividenurse":"护一","dividdoctor":"","registertime":null,"bornday":"1980-07-12","patient_id":"2009180001","greenchannel":"N","grade":"1001","teshu":"特殊","status":"留观","rctdiagnosis":null,"gender":"女","hisid":"","allergic_history1":null,"addbedsign":"0","cixu":"1","grade_color":"#f01620","bedarrivetime":"2020-10-27 11:16:24","allergic_history":"头孢,红霉素,青霉素,阿奇霉素","bedleavetime":"2020-10-27 14:25:00","finalgrade":"","bed_id":"689769172434944001","rowno":4.0,"bed_num":"4","process":"头痛","address":"湖北省凯市房山尹路F座 ","anamnesis":"COPD,冠心病,高血压,哮喘","dividdepartment":"7","paddiagdesc":null,"doctor":null,"cardnum":"3132101121920","anonymous":null,"fullname":"韦军","category":"7","autograde":"1001","age":"40岁","memberstel":"张博","changereason":""},{"receivedepartment":null,"arrivetime":null,"depart_id":"688043158591766528","resdoctor3":null,"type":null,"resdoctor2":null,"leavetime":null,"tel":null,"id":null,"others":null,"receivetime":null,"dividtime":null,"consciousness":null,"diagnosis":null,"admission":null,"dividenurse":null,"dividdoctor":null,"registertime":null,"bornday":null,"patient_id":"2011030003","greenchannel":null,"grade":null,"teshu":null,"status":null,"rctdiagnosis":null,"gender":null,"hisid":null,"allergic_history1":null,"addbedsign":"0","cixu":null,"grade_color":null,"bedarrivetime":"2020-11-03 16:17:25","allergic_history":null,"bedleavetime":null,"finalgrade":null,"bed_id":"689769172434944002","rowno":6.0,"bed_num":"5","process":"","address":null,"anamnesis":null,"dividdepartment":null,"paddiagdesc":null,"doctor":null,"cardnum":null,"anonymous":null,"fullname":null,"category":null,"autograde":null,"age":null,"memberstel":null,"changereason":null},{"receivedepartment":null,"arrivetime":null,"depart_id":"688043158591766528","resdoctor3":null,"type":null,"resdoctor2":null,"leavetime":null,"tel":null,"id":null,"others":null,"receivetime":null,"dividtime":null,"consciousness":null,"diagnosis":null,"admission":null,"dividenurse":null,"dividdoctor":null,"registertime":null,"bornday":null,"patient_id":"2011030004","greenchannel":null,"grade":null,"teshu":null,"status":null,"rctdiagnosis":null,"gender":null,"hisid":null,"allergic_history1":null,"addbedsign":"0","cixu":null,"grade_color":null,"bedarrivetime":"2020-11-03 16:21:14","allergic_history":null,"bedleavetime":null,"finalgrade":null,"bed_id":"689769172497858560","rowno":7.0,"bed_num":"6","process":"","address":null,"anamnesis":null,"dividdepartment":null,"paddiagdesc":null,"doctor":null,"cardnum":null,"anonymous":null,"fullname":null,"category":null,"autograde":null,"age":null,"memberstel":null,"changereason":null},{"receivedepartment":null,"arrivetime":null,"depart_id":"688043158591766528","resdoctor3":null,"type":null,"resdoctor2":null,"leavetime":null,"tel":null,"id":null,"others":null,"receivetime":null,"dividtime":null,"consciousness":null,"diagnosis":null,"admission":null,"dividenurse":null,"dividdoctor":null,"registertime":null,"bornday":null,"patient_id":"2011030010","greenchannel":null,"grade":null,"teshu":null,"status":null,"rctdiagnosis":null,"gender":null,"hisid":null,"allergic_history1":null,"addbedsign":"0","cixu":null,"grade_color":null,"bedarrivetime":"2020-11-03 16:28:05","allergic_history":null,"bedleavetime":null,"finalgrade":null,"bed_id":"689769172825014272","rowno":8.0,"bed_num":"7","process":"","address":null,"anamnesis":null,"dividdepartment":null,"paddiagdesc":null,"doctor":null,"cardnum":null,"anonymous":null,"fullname":null,"category":null,"autograde":null,"age":null,"memberstel":null,"changereason":null},{"receivedepartment":null,"arrivetime":null,"depart_id":"688043158591766528","resdoctor3":null,"type":null,"resdoctor2":null,"leavetime":null,"tel":null,"id":null,"others":null,"receivetime":null,"dividtime":null,"consciousness":null,"diagnosis":null,"admission":null,"dividenurse":null,"dividdoctor":null,"registertime":null,"bornday":null,"patient_id":"2011030009","greenchannel":null,"grade":null,"teshu":null,"status":null,"rctdiagnosis":null,"gender":null,"hisid":null,"allergic_history1":null,"addbedsign":"0","cixu":null,"grade_color":null,"bedarrivetime":"2020-11-03 16:27:48","allergic_history":null,"bedleavetime":null,"finalgrade":null,"bed_id":"689769172892123136","rowno":9.0,"bed_num":"8","process":"","address":null,"anamnesis":null,"dividdepartment":null,"paddiagdesc":null,"doctor":null,"cardnum":null,"anonymous":null,"fullname":null,"category":null,"autograde":null,"age":null,"memberstel":null,"changereason":null},{"receivedepartment":null,"arrivetime":null,"depart_id":"688043158591766528","resdoctor3":null,"type":null,"resdoctor2":null,"leavetime":null,"tel":null,"id":null,"others":null,"receivetime":null,"dividtime":null,"consciousness":null,"diagnosis":null,"admission":null,"dividenurse":null,"dividdoctor":null,"registertime":null,"bornday":null,"patient_id":"2011030017","greenchannel":null,"grade":null,"teshu":null,"status":null,"rctdiagnosis":null,"gender":null,"hisid":null,"allergic_history1":null,"addbedsign":"0","cixu":null,"grade_color":null,"bedarrivetime":"2020-11-03 16:33:37","allergic_history":null,"bedleavetime":null,"finalgrade":null,"bed_id":"689769172892123137","rowno":10.0,"bed_num":"9","process":"","address":null,"anamnesis":null,"dividdepartment":null,"paddiagdesc":null,"doctor":null,"cardnum":null,"anonymous":null,"fullname":null,"category":null,"autograde":null,"age":null,"memberstel":null,"changereason":null},{"receivedepartment":null,"arrivetime":null,"depart_id":"688043158591766528","resdoctor3":null,"type":null,"resdoctor2":null,"leavetime":null,"tel":null,"id":null,"others":null,"receivetime":null,"dividtime":null,"consciousness":null,"diagnosis":null,"admission":null,"dividenurse":null,"dividdoctor":null,"registertime":null,"bornday":null,"patient_id":"2011030016","greenchannel":null,"grade":null,"teshu":null,"status":null,"rctdiagnosis":null,"gender":null,"hisid":null,"allergic_history1":null,"addbedsign":"0","cixu":null,"grade_color":null,"bedarrivetime":"2020-11-03 16:33:20","allergic_history":null,"bedleavetime":null,"finalgrade":null,"bed_id":"689769172892123138","rowno":11.0,"bed_num":"10","process":"","address":null,"anamnesis":null,"dividdepartment":null,"paddiagdesc":null,"doctor":null,"cardnum":null,"anonymous":null,"fullname":null,"category":null,"autograde":null,"age":null,"memberstel":null,"changereason":null},{"receivedepartment":null,"arrivetime":null,"depart_id":"688043158591766528","resdoctor3":null,"type":null,"resdoctor2":null,"leavetime":null,"tel":null,"id":null,"others":null,"receivetime":null,"dividtime":null,"consciousness":null,"diagnosis":null,"admission":null,"dividenurse":null,"dividdoctor":null,"registertime":null,"bornday":null,"patient_id":"2011040030","greenchannel":null,"grade":null,"teshu":null,"status":null,"rctdiagnosis":null,"gender":null,"hisid":null,"allergic_history1":null,"addbedsign":"0","cixu":null,"grade_color":null,"bedarrivetime":"2020-11-04 11:22:17","allergic_history":null,"bedleavetime":null,"finalgrade":null,"bed_id":"689769172959232000","rowno":12.0,"bed_num":"11","process":"","address":null,"anamnesis":null,"dividdepartment":null,"paddiagdesc":null,"doctor":null,"cardnum":null,"anonymous":null,"fullname":null,"category":null,"autograde":null,"age":null,"memberstel":null,"changereason":null},{"receivedepartment":null,"arrivetime":null,"depart_id":"688043158591766528","resdoctor3":null,"type":null,"resdoctor2":null,"leavetime":null,"tel":null,"id":null,"others":null,"receivetime":null,"dividtime":null,"consciousness":null,"diagnosis":null,"admission":null,"dividenurse":null,"dividdoctor":null,"registertime":null,"bornday":null,"patient_id":"2011040029","greenchannel":null,"grade":null,"teshu":null,"status":null,"rctdiagnosis":null,"gender":null,"hisid":null,"allergic_history1":null,"addbedsign":"0","cixu":null,"grade_color":null,"bedarrivetime":"2020-11-04 11:21:58","allergic_history":null,"bedleavetime":null,"finalgrade":null,"bed_id":"689769173152169984","rowno":13.0,"bed_num":"12","process":"","address":null,"anamnesis":null,"dividdepartment":null,"paddiagdesc":null,"doctor":null,"cardnum":null,"anonymous":null,"fullname":null,"category":null,"autograde":null,"age":null,"memberstel":null,"changereason":null},{"receivedepartment":null,"arrivetime":null,"depart_id":"688043158591766528","resdoctor3":null,"type":null,"resdoctor2":null,"leavetime":null,"tel":null,"id":null,"others":null,"receivetime":null,"dividtime":null,"consciousness":null,"diagnosis":null,"admission":null,"dividenurse":null,"dividdoctor":null,"registertime":null,"bornday":null,"patient_id":"2011040043","greenchannel":null,"grade":null,"teshu":null,"status":null,"rctdiagnosis":null,"gender":null,"hisid":null,"allergic_history1":null,"addbedsign":"0","cixu":null,"grade_color":null,"bedarrivetime":"2020-11-04 11:26:09","allergic_history":null,"bedleavetime":null,"finalgrade":null,"bed_id":"689769173286387712","rowno":14.0,"bed_num":"13","process":"","address":null,"anamnesis":null,"dividdepartment":null,"paddiagdesc":null,"doctor":null,"cardnum":null,"anonymous":null,"fullname":null,"category":null,"autograde":null,"age":null,"memberstel":null,"changereason":null},{"receivedepartment":null,"arrivetime":null,"depart_id":"688043158591766528","resdoctor3":null,"type":null,"resdoctor2":null,"leavetime":null,"tel":null,"id":null,"others":null,"receivetime":null,"dividtime":null,"consciousness":null,"diagnosis":null,"admission":null,"dividenurse":null,"dividdoctor":null,"registertime":null,"bornday":null,"patient_id":"2011040042","greenchannel":null,"grade":null,"teshu":null,"status":null,"rctdiagnosis":null,"gender":null,"hisid":null,"allergic_history1":null,"addbedsign":"0","cixu":null,"grade_color":null,"bedarrivetime":"2020-11-04 11:25:53","allergic_history":null,"bedleavetime":null,"finalgrade":null,"bed_id":"689769173483520000","rowno":15.0,"bed_num":"14","process":"","address":null,"anamnesis":null,"dividdepartment":null,"paddiagdesc":null,"doctor":null,"cardnum":null,"anonymous":null,"fullname":null,"category":null,"autograde":null,"age":null,"memberstel":null,"changereason":null},{"receivedepartment":null,"arrivetime":null,"depart_id":"688043158591766528","resdoctor3":null,"type":null,"resdoctor2":null,"leavetime":null,"tel":null,"id":null,"others":null,"receivetime":null,"dividtime":null,"consciousness":null,"diagnosis":null,"admission":null,"dividenurse":null,"dividdoctor":null,"registertime":null,"bornday":null,"patient_id":null,"greenchannel":null,"grade":null,"teshu":null,"status":null,"rctdiagnosis":null,"gender":null,"hisid":null,"allergic_history1":null,"addbedsign":"0","cixu":null,"grade_color":null,"bedarrivetime":null,"allergic_history":null,"bedleavetime":null,"finalgrade":null,"bed_id":"689769173483520001","rowno":16.0,"bed_num":"15","process":"","address":null,"anamnesis":null,"dividdepartment":null,"paddiagdesc":null,"doctor":null,"cardnum":null,"anonymous":null,"fullname":null,"category":null,"autograde":null,"age":null,"memberstel":null,"changereason":null},{"receivedepartment":null,"arrivetime":null,"depart_id":"688043158591766528","resdoctor3":null,"type":null,"resdoctor2":null,"leavetime":null,"tel":null,"id":null,"others":null,"receivetime":null,"dividtime":null,"consciousness":null,"diagnosis":null,"admission":null,"dividenurse":null,"dividdoctor":null,"registertime":null,"bornday":null,"patient_id":"2011040055","greenchannel":null,"grade":null,"teshu":null,"status":null,"rctdiagnosis":null,"gender":null,"hisid":null,"allergic_history1":null,"addbedsign":"0","cixu":null,"grade_color":null,"bedarrivetime":"2020-11-04 11:33:04","allergic_history":null,"bedleavetime":null,"finalgrade":null,"bed_id":"689769173546434560","rowno":17.0,"bed_num":"16","process":"","address":null,"anamnesis":null,"dividdepartment":null,"paddiagdesc":null,"doctor":null,"cardnum":null,"anonymous":null,"fullname":null,"category":null,"autograde":null,"age":null,"memberstel":null,"changereason":null},{"receivedepartment":null,"arrivetime":null,"depart_id":"688043158591766528","resdoctor3":null,"type":null,"resdoctor2":null,"leavetime":null,"tel":null,"id":null,"others":null,"receivetime":null,"dividtime":null,"consciousness":null,"diagnosis":null,"admission":null,"dividenurse":null,"dividdoctor":null,"registertime":null,"bornday":null,"patient_id":null,"greenchannel":null,"grade":null,"teshu":null,"status":null,"rctdiagnosis":null,"gender":null,"hisid":null,"allergic_history1":null,"addbedsign":"0","cixu":null,"grade_color":null,"bedarrivetime":null,"allergic_history":null,"bedleavetime":null,"finalgrade":null,"bed_id":"689769173546434561","rowno":18.0,"bed_num":"17","process":"","address":null,"anamnesis":null,"dividdepartment":null,"paddiagdesc":null,"doctor":null,"cardnum":null,"anonymous":null,"fullname":null,"category":null,"autograde":null,"age":null,"memberstel":null,"changereason":null},{"receivedepartment":null,"arrivetime":null,"depart_id":"688043158591766528","resdoctor3":null,"type":null,"resdoctor2":null,"leavetime":null,"tel":null,"id":null,"others":null,"receivetime":null,"dividtime":null,"consciousness":null,"diagnosis":null,"admission":null,"dividenurse":null,"dividdoctor":null,"registertime":null,"bornday":null,"patient_id":null,"greenchannel":null,"grade":null,"teshu":null,"status":null,"rctdiagnosis":null,"gender":null,"hisid":null,"allergic_history1":null,"addbedsign":"0","cixu":null,"grade_color":null,"bedarrivetime":null,"allergic_history":null,"bedleavetime":null,"finalgrade":null,"bed_id":"689769173546434562","rowno":19.0,"bed_num":"18","process":"","address":null,"anamnesis":null,"dividdepartment":null,"paddiagdesc":null,"doctor":null,"cardnum":null,"anonymous":null,"fullname":null,"category":null,"autograde":null,"age":null,"memberstel":null,"changereason":null},{"receivedepartment":null,"arrivetime":null,"depart_id":"688043158591766528","resdoctor3":null,"type":null,"resdoctor2":null,"leavetime":null,"tel":null,"id":null,"others":null,"receivetime":null,"dividtime":null,"consciousness":null,"diagnosis":null,"admission":null,"dividenurse":null,"dividdoctor":null,"registertime":null,"bornday":null,"patient_id":null,"greenchannel":null,"grade":null,"teshu":null,"status":null,"rctdiagnosis":null,"gender":null,"hisid":null,"allergic_history1":null,"addbedsign":"0","cixu":null,"grade_color":null,"bedarrivetime":null,"allergic_history":null,"bedleavetime":null,"finalgrade":null,"bed_id":"689769173546434563","rowno":20.0,"bed_num":"19","process":"","address":null,"anamnesis":null,"dividdepartment":null,"paddiagdesc":null,"doctor":null,"cardnum":null,"anonymous":null,"fullname":null,"category":null,"autograde":null,"age":null,"memberstel":null,"changereason":null},{"receivedepartment":null,"arrivetime":null,"depart_id":"688043158591766528","resdoctor3":null,"type":null,"resdoctor2":null,"leavetime":null,"tel":null,"id":null,"others":null,"receivetime":null,"dividtime":null,"consciousness":null,"diagnosis":null,"admission":null,"dividenurse":null,"dividdoctor":null,"registertime":null,"bornday":null,"patient_id":null,"greenchannel":null,"grade":null,"teshu":null,"status":null,"rctdiagnosis":null,"gender":null,"hisid":null,"allergic_history1":null,"addbedsign":"0","cixu":null,"grade_color":null,"bedarrivetime":null,"allergic_history":null,"bedleavetime":null,"finalgrade":null,"bed_id":"689769173613543424","rowno":21.0,"bed_num":"20","process":"","address":null,"anamnesis":null,"dividdepartment":null,"paddiagdesc":null,"doctor":null,"cardnum":null,"anonymous":null,"fullname":null,"category":null,"autograde":null,"age":null,"memberstel":null,"changereason":null},{"receivedepartment":null,"arrivetime":null,"depart_id":"688043158591766528","resdoctor3":null,"type":null,"resdoctor2":null,"leavetime":null,"tel":null,"id":null,"others":null,"receivetime":null,"dividtime":null,"consciousness":null,"diagnosis":null,"admission":null,"dividenurse":null,"dividdoctor":null,"registertime":null,"bornday":null,"patient_id":null,"greenchannel":null,"grade":null,"teshu":null,"status":null,"rctdiagnosis":null,"gender":null,"hisid":null,"allergic_history1":null,"addbedsign":"1","cixu":null,"grade_color":null,"bedarrivetime":null,"allergic_history":null,"bedleavetime":null,"finalgrade":null,"bed_id":"743795793982390272","rowno":22.0,"bed_num":"+1","process":"","address":null,"anamnesis":null,"dividdepartment":null,"paddiagdesc":null,"doctor":null,"cardnum":null,"anonymous":null,"fullname":null,"category":null,"autograde":null,"age":null,"memberstel":null,"changereason":null},{"receivedepartment":null,"arrivetime":null,"depart_id":"688043158591766528","resdoctor3":null,"type":null,"resdoctor2":null,"leavetime":null,"tel":null,"id":null,"others":null,"receivetime":null,"dividtime":null,"consciousness":null,"diagnosis":null,"admission":null,"dividenurse":null,"dividdoctor":null,"registertime":null,"bornday":null,"patient_id":null,"greenchannel":null,"grade":null,"teshu":null,"status":null,"rctdiagnosis":null,"gender":null,"hisid":null,"allergic_history1":null,"addbedsign":"1","cixu":null,"grade_color":null,"bedarrivetime":null,"allergic_history":null,"bedleavetime":null,"finalgrade":null,"bed_id":"751444429679624192","rowno":23.0,"bed_num":"+2","process":"","address":null,"anamnesis":null,"dividdepartment":null,"paddiagdesc":null,"doctor":null,"cardnum":null,"anonymous":null,"fullname":null,"category":null,"autograde":null,"age":null,"memberstel":null,"changereason":null}],"status":200}
[2020-11-04 11:41:22,143-logger.py]-INFO:
用例文件：C:/Users/Administrator/PycharmProjects/ECS\data\医生工作站\医生工作站-抢救患者.xlsx
用例编号：5.0
接口名称：抢救患者
接口地址：/triagerescue/index/getWard
用例名称：预置数据：抢救工作站-查询抢救工作站Ward
用例描述：预置测试数据
请求内容：user_id=2000008
实际响应：{"total":null,"message":"获取成功","rows":{"name":"抢救室1","id":"688043158591766528"},"status":200}
[2020-11-04 11:41:23,298-logger.py]-INFO:
用例文件：C:/Users/Administrator/PycharmProjects/ECS\data\医生工作站\医生工作站-抢救患者.xlsx
用例编号：6.0
接口名称：抢救患者
接口地址：/triagerescue/index/setBed
用例名称：预置数据：抢救工作站-患者接诊分床
用例描述：预置测试数据
请求内容：bed_id=689769173483520001&pid=2011040059&ward_id=688043158591766528&nurseid=2000008
实际响应：{"total":null,"message":"操作成功","rows":{"date":"2020-11-04 11:39:53","reason":"发烧3天，高烧不退","cardnum":"698515201409065888","bed_num":"15","dividtime":"2020-10-07 13:34:00.0","gender":"女","hisid":"","tel":"13525215801","id":"689769173483520001","fullname":"夏雪","source":"自行来院","age":"27岁"},"status":200}
[2020-11-04 11:41:23,957-logger.py]-INFO:
用例文件：C:/Users/Administrator/PycharmProjects/ECS\data\医生工作站\医生工作站-抢救患者.xlsx
用例编号：7.0
接口名称：抢救患者
接口地址：/triagedoctor/rescue/queryRescueInfo
用例名称：医生工作站-抢救患者-查询患者
用例描述：测试医生工作站-抢救患者中输入患者姓名查询患者
请求内容：rows=11&page=1&cardnumText=夏雪&grade=&doctor=&ward=&isOnBed=
实际响应：{"total":1,"message":"查询成功","rows":[{"nurse_2":null,"nurse_3":null,"receivedepartment":"688043158591766528","intime":null,"re_memberstel":null,"tz":"55","arrivetime":null,"depart_id":"688043158591766528","resdoctor3":null,"re_diagnosis":null,"source":"自行来院","type":null,"resdoctor2":null,"re_sg":null,"leavetime":null,"tel":"13525215801","id":"2011040059","others":"","receivetime":"2020-11-04 11:39:53","td_name":"急诊内科","nurse_1":null,"dividtime":"2020-10-07 13:34:00","bstatus":"使用中","is_bed_num":"15","consciousness":"模糊","diagnosis":null,"admission":"步行","dividenurse":"高博","dividdoctor":"","re_address":null,"h_bed_id":"689769173483520001","registertime":null,"bornday":"1993-06-06","patient_id":"2011040059","greenchannel":"N","grade":"1001","name":"抢救室1","teshu":null,"ward_id":"688043158591766528","status":"抢救已接诊","re_allergic_history":null,"rctdiagnosis":null,"gender":"女","hisid":"","allergic_history1":null,"addbedsign":"0","rctInfo":null,"cixu":"1","grade_color":"#f01620","bedarrivetime":"2020-11-04 11:39:53","sg":"170","allergic_history":"不详","parenttel":"15721028988","re_parenttel":null,"doctor_3":null,"bedleavetime":null,"addr":null,"doctor_2":null,"doctor_1":null,"finalgrade":"","bed_id":"689769173483520001","rowno":3,"bed_num":"15","process":"","address":"江苏省南京市江宁区双龙大道1088号明月新寓花园","h_name":"抢救室1","anamnesis":"无","th_diagnosis":"","re_tz":null,"dividdepartment":"39","paddiagdesc":null,"doctor":null,"cardnum":"698515201409065888","re_main_action":null,"h_bed_num":"15","idcard":"350814199306068560","anonymous":null,"fullname":"夏雪","category":"1","th_main_action":"","autograde":"1001","age":"27岁","memberstel":"夏东海","changereason":"选择修改原因"}],"status":200}
[2020-11-04 11:41:23,959-logger.py]-INFO:检查点:"message":"查询成功"--pass
[2020-11-04 11:41:23,960-logger.py]-INFO:----------------
[2020-11-04 11:41:23,962-logger.py]-INFO:检查点:"status":200--pass
[2020-11-04 11:41:23,964-logger.py]-INFO:----------------
[2020-11-04 11:41:23,966-logger.py]-INFO:检查点:"rows":1--pass
[2020-11-04 11:41:23,968-logger.py]-INFO:----------------
[2020-11-04 11:41:24,418-logger.py]-INFO:
用例文件：C:/Users/Administrator/PycharmProjects/ECS\data\医生工作站\医生工作站-抢救患者.xlsx
用例编号：8.0
接口名称：抢救患者
接口地址：/triagedoctor/rescue/getRescuePatientInfo
用例名称：医生工作站-抢救患者-查看患者信息
用例描述：测试医生工作站-抢救患者列表，查看患者信息
请求内容：patientId=2011040059
实际响应：{"total":null,"message":"查询成功","rows":{"nurse_2":null,"nurse_3":null,"receivedepartment":"688043158591766528","intime":null,"re_memberstel":null,"tz":"55","arrivetime":null,"depart_id":"688043158591766528","resdoctor3":null,"re_diagnosis":null,"source":"自行来院","type":null,"resdoctor2":null,"re_sg":null,"leavetime":null,"tel":"13525215801","id":"2011040059","others":"","receivetime":"2020-11-04 11:39:53","td_name":"急诊内科","nurse_1":null,"dividtime":"2020-10-07 13:34:00","bstatus":"使用中","is_bed_num":"15","consciousness":"模糊","diagnosis":null,"admission":"步行","dividenurse":"高博","dividdoctor":"","warn":null,"re_address":null,"h_bed_id":"689769173483520001","registertime":null,"bornday":"1993-06-06","patient_id":"2011040059","greenchannel":"N","grade":"1001","name":"抢救室1","teshu":null,"ward_id":"688043158591766528","status":"抢救已接诊","re_allergic_history":null,"rctdiagnosis":null,"gender":"女","hisid":"","allergic_history1":null,"addbedsign":"0","rctInfo":null,"cixu":"1","grade_color":"#f01620","bedarrivetime":"2020-11-04 11:39:53","sg":"170","allergic_history":"不详","parenttel":"15721028988","re_parenttel":null,"doctor_3":null,"bedleavetime":null,"addr":null,"doctor_2":null,"doctor_1":null,"finalgrade":"","bed_id":"689769173483520001","rowno":3,"bed_num":"15","process":"","address":"江苏省南京市江宁区双龙大道1088号明月新寓花园","h_name":"抢救室1","anamnesis":"无","th_diagnosis":"","re_tz":null,"dividdepartment":"39","paddiagdesc":null,"doctor":null,"cardnum":"698515201409065888","PAIN":"2","GCS":"14","re_main_action":null,"h_bed_num":"15","idcard":"350814199306068560","anonymous":"","fullname":"夏雪","category":"1","FAST":"A","th_main_action":"","autograde":"1001","age":"27岁","memberstel":"夏东海","changereason":"选择修改原因"},"status":200}
[2020-11-04 11:41:24,419-logger.py]-INFO:检查点:"message":"查询成功"--pass
[2020-11-04 11:41:24,421-logger.py]-INFO:----------------
[2020-11-04 11:41:24,422-logger.py]-INFO:检查点:"status":200--pass
[2020-11-04 11:41:24,423-logger.py]-INFO:----------------
[2020-11-04 11:41:24,424-logger.py]-INFO:检查点:"rows":1--pass
[2020-11-04 11:41:24,425-logger.py]-INFO:----------------
[2020-11-04 11:41:24,880-logger.py]-INFO:
用例文件：C:/Users/Administrator/PycharmProjects/ECS\data\医生工作站\医生工作站-抢救患者.xlsx
用例编号：9.0
接口名称：抢救患者
接口地址：/triagedoctor/rescue/udpatePaientInfoForRescue
用例名称：医生工作站-抢救患者-更新患者信息
用例描述：测试医生工作站-抢救患者列表，更新患者信息，标记了特殊和修改了身高体重
请求内容：nurse1=&doctor=&pid=2011040059&teshu=595271300872667136,&address=江苏省南京市江宁区双龙大道1088号明月新寓花园&memberstel=夏东海&parenttel=15721028988&sg=171&tz=54&allergic_history=不详&cardnum=698515201409065888&main_action=-&diagnosis=-&cixu=11
实际响应：{"total":null,"message":"获取成功","rows":null,"status":200}
[2020-11-04 11:41:24,881-logger.py]-INFO:检查点:"message":"获取成功"--pass
[2020-11-04 11:41:24,883-logger.py]-INFO:----------------
[2020-11-04 11:41:24,884-logger.py]-INFO:检查点:"status":200--pass
[2020-11-04 11:41:24,885-logger.py]-INFO:----------------
[2020-11-04 11:41:25,471-logger.py]-INFO:
用例文件：C:/Users/Administrator/PycharmProjects/ECS\data\医生工作站\医生工作站-抢救患者.xlsx
用例编号：10.0
接口名称：抢救患者
接口地址：/triagedoctor/rescue/saveRescueRecord
用例名称：医生工作站-抢救患者-保存抢救记录
用例描述：测试医生工作站-抢救患者-保存抢救记录
请求内容：patientid=2011040059&record_time=689769173546434561&present_illness=主诉：腹痛腹胀伴肛门排气排便减少一天
现病史：1天前，患者无明显诱因下出现上腹部胀痛不适，呈持续性钝痛，阵发性加剧，有腹胀，伴恶心，呕吐数次，呕吐物为胃内容物，含胆汁，不含鲜血，非喷射状，呕吐后腹痛腹胀有缓解。&tel=13525215801&address=江苏省南京市江宁区双龙大道1088号明月新寓花园&hx=126&tw=36.5&mb=21&ssy=142&szy=84&ssy_r=&szy_r=&right_pupil=3&left_pupil=3&reflect=正常&consciousness=清楚&rescue_process=15:03<br>清除气道异物，保持气道通畅，大管径管吸痰<br>15:15<br>一般神经功能评估;神经系统检查：确定昏迷程度确定卒中严重程度;&diagnosis=-&doctor1=田丹&doctor1_id=田丹&lapse=抢救&is_xy_check=0&is_save=1&u_die_reason=
实际响应：{"total":null,"message":"查询成功","rows":"1","status":200}
[2020-11-04 11:41:25,472-logger.py]-INFO:检查点:"message":"查询成功"--pass
[2020-11-04 11:41:25,473-logger.py]-INFO:----------------
[2020-11-04 11:41:25,474-logger.py]-INFO:检查点:"status":200--pass
[2020-11-04 11:41:25,475-logger.py]-INFO:----------------
[2020-11-04 11:41:25,649-logger.py]-INFO:
用例文件：C:/Users/Administrator/PycharmProjects/ECS\data\医生工作站\医生工作站-抢救患者.xlsx
用例编号：11.0
接口名称：抢救患者
接口地址：/triagedoctor/rescue/queryPatientResuceRecord
用例名称：医生工作站-抢救患者-查询抢救记录
用例描述：测试医生工作站-抢救患者-查询抢救记录
请求内容：patientid=2011040059
实际响应：{"total":null,"message":"查询成功","rows":{"right_pupil":"3","tw":"36.5","gender":"女","ssy_r":"","present_illness":"主诉：腹痛腹胀伴肛门排气排便减少一天\n现病史：1天前，患者无明显诱因下出现上腹部胀痛不适，呈持续性钝痛，阵发性加剧，有腹胀，伴恶心，呕吐数次，呕吐物为胃内容物，含胆汁，不含鲜血，非喷射状，呕吐后腹痛腹胀有缓解。","hx":"126","reflect":"正常","mb":"21","ssy":"142","tel":"13525215801","id":"773511849151823872","addr":"特殊","rescue_process":"15:03<br>清除气道异物，保持气道通畅，大管径管吸痰<br>15:15<br>一般神经功能评估;神经系统检查：确定昏迷程度确定卒中严重程度;","address":"江苏省南京市江宁区双龙大道1088号明月新寓花园","consciousness":"清楚","szy_r":"","diagnosis":"-","is_save":"1","doctor1":"田丹","is_xy_check":"0","doctor2":null,"lapse":"抢救","szy":"84","left_pupil":"3","doctor3":null,"fullname":"夏雪","record_time":"689769173546434561","p_id":"2011040059","die_reson":"","age":"27岁"},"status":200}
[2020-11-04 11:41:25,651-logger.py]-INFO:检查点:"message":"查询成功"--pass
[2020-11-04 11:41:25,652-logger.py]-INFO:----------------
[2020-11-04 11:41:25,654-logger.py]-INFO:检查点:"status":200--pass
[2020-11-04 11:41:25,655-logger.py]-INFO:----------------
[2020-11-04 11:41:25,656-logger.py]-INFO:检查点:"rows":1--pass
[2020-11-04 11:41:25,657-logger.py]-INFO:----------------
[2020-11-04 11:41:25,897-logger.py]-INFO:
用例文件：C:/Users/Administrator/PycharmProjects/ECS\data\医生工作站\医生工作站-抢救患者.xlsx
用例编号：12.0
接口名称：抢救患者
接口地址：/triagedoctor/index/saveAegerRecord1
用例名称：医生工作站-抢救患者-保存诊断证明
用例描述：测试医生工作站-抢救患者-保存诊断证明
请求内容：p_id=2011040059&user_id=2000008&content=%3Cp+style%3D%22text-align%3A+center%3B%22%3E%3Cbr%3E%3C%2Fp%3E%3Cp+style%3D%22margin-top%3A+5px%3B+margin-left%3A+0px%3B+text-align%3A+center%3B%22%3E%3Cspan+style%3D%22font-family%3A+%E9%BB%91%E4%BD%93%2C+SimHei%3B+font-size%3A+28px%3B%22%3E%3Cspan+class%3D%22sde-ctrl+sde-label%22+id%3D%22hospitalname%22+sde-type%3D%22label%22+title%3D%22%22+sde-isloadasyncdata%3D%22false%22+contenteditable%3D%22false%22%3E%E8%9A%8C%E5%9F%A0%E5%8C%BB%E5%AD%A6%E9%99%A2%E5%8C%BB%E7%A7%91%E5%A4%A7%E5%AD%A6%E9%99%84%E5%B1%9E%E5%8C%BB%E9%99%A2%3C%2Fspan%3E%3C%2Fspan%3E%3Cbr%3E%3C%2Fp%3E%3Cp+style%3D%22text-align%3A+center%3B+margin-top%3A+5px%3B+margin-left%3A+0px%3B%22%3E%3Cspan+style%3D%22font-size%3A+41px%3B%22%3E%3Cstrong%3E%3Cspan+style%3D%22font-family%3A+%E5%AE%8B%E4%BD%93%2C+SimSun%3B%22%3E%E7%96%BE%E7%97%85%E8%AF%8A%E6%96%AD%E8%AF%81%E6%98%8E%E4%B9%A6%3C%2Fspan%3E%3C%2Fstrong%3E%3C%2Fspan%3E%3Cstrong%3E%3Cspan+style%3D%22font-size%3A+30px%3B+font-family%3A+%E5%AE%8B%E4%BD%93%2C+SimSun%3B%22%3E%26nbsp%3B%3C%2Fspan%3E%3C%2Fstrong%3E%3C%2Fp%3E%3Cp+style%3D%22text-align%3A+center%3B%22%3E%26nbsp%3B%26nbsp%3B%3C%2Fp%3E%3Cp+style%3D%22text-align%3A+justify%3B%22%3E%3Cspan+style%3D%22text-align%3A+center%3B%22%3E%3Cbr%3E%E5%A7%93%E5%90%8D%EF%BC%9A%3Cspan+class%3D%22sde-ctrl%22+id%3D%22PATName%22+sde-type%3D%22text%22+sde-model%3D%22%257B%2522desc%2522%253A%2522%2522%252C%2522required%2522%253A0%252C%2522strictverify%2522%253A0%252C%2522notdel%2522%253A0%252C%2522verify%2522%253A%2522%2522%252C%2522mode%2522%253A%2522EDITOR%2522%257D%22+sde-isloadasyncdata%3D%22false%22+_sde-right%3D%22.%22+_sde-left%3D%22%22+contenteditable%3D%22false%22%3E%3Cspan+class%3D%22sde-value%22+_sde-right%3D%22%5D%22+_sde-left%3D%22%5B%22+contenteditable%3D%22true%22%3E%E5%A4%8F%E9%9B%AA%3C%2Fspan%3E%3C%2Fspan%3E%26nbsp%3B%26nbsp%3B+%E6%80%A7%E5%88%AB%26nbsp%3B%3A%26nbsp%3B+%3Cspan+class%3D%22sde-ctrl%22+id%3D%22PATSex%22+sde-type%3D%22text%22+sde-model%3D%22%257B%2522desc%2522%253A%2522%2522%252C%2522required%2522%253A0%252C%2522strictverify%2522%253A0%252C%2522notdel%2522%253A0%252C%2522verify%2522%253A%2522%2522%252C%2522mode%2522%253A%2522EDITOR%2522%257D%22+sde-isloadasyncdata%3D%22false%22+_sde-right%3D%22.%22+_sde-left%3D%22%22+contenteditable%3D%22false%22%3E%3Cspan+class%3D%22sde-value%22+_sde-right%3D%22%5D%22+_sde-left%3D%22%5B%22+contenteditable%3D%22true%22%3E%E5%A5%B3%3C%2Fspan%3E%3C%2Fspan%3E%26nbsp%3B%26nbsp%3B%26nbsp%3B+%E5%B9%B4%E9%BE%84+%3A%3Cspan+class%3D%22sde-ctrl%22+id%3D%22PATAge%22+sde-type%3D%22text%22+sde-model%3D%22%257B%2522desc%2522%253A%2522%2522%252C%2522required%2522%253A0%252C%2522strictverify%2522%253A0%252C%2522notdel%2522%253A0%252C%2522verify%2522%253A%2522%2522%252C%2522mode%2522%253A%2522EDITOR%2522%257D%22+sde-isloadasyncdata%3D%22false%22+_sde-right%3D%22.%22+_sde-left%3D%22%22+contenteditable%3D%22false%22%3E%3Cspan+class%3D%22sde-value%22+_sde-right%3D%22%5D%22+_sde-left%3D%22%5B%22+contenteditable%3D%22true%22%3E27%E5%B2%81%3C%2Fspan%3E%3C%2Fspan%3E%26nbsp%3B+%26nbsp%3B+%E5%B0%B1%E8%AF%8A%E5%8D%A1%E5%8F%B7%EF%BC%9A%3Cspan+class%3D%22sde-ctrl%22+id%3D%22cardnum%22+sde-type%3D%22text%22+sde-model%3D%22%257B%2522desc%2522%253A%2522%2522%252C%2522required%2522%253A0%252C%2522strictverify%2522%253A0%252C%2522notdel%2522%253A0%252C%2522verify%2522%253A%2522%2522%252C%2522mode%2522%253A%2522EDITOR%2522%257D%22+sde-isloadasyncdata%3D%22false%22+_sde-right%3D%22.%22+_sde-left%3D%22%22+contenteditable%3D%22false%22%3E%3Cspan+class%3D%22sde-value%22+_sde-right%3D%22%5D%22+_sde-left%3D%22%5B%22+contenteditable%3D%22true%22%3E698515201409065888%3C%2Fspan%3E%3C%2Fspan%3E%3C%2Fspan%3E%3C%2Fp%3E%3Ctable+class%3D%22sde-table%22%3E%3Ctbody%3E%3Ctr+class%3D%22firstRow%22%3E%3C%2Ftr%3E%3C%2Ftbody%3E%3C%2Ftable%3E%3Cp+style%3D%22margin-top%3A+5px%3B+margin-left%3A+0px%3B+text-align%3A+justify%3B%22%3E%3Cbr%3E%E5%8D%95%E4%BD%8D%2F%E5%9C%B0%E5%9D%80%EF%BC%9A%3Cspan+class%3D%22sde-ctrl%22+id%3D%22PADAddress%22+sde-type%3D%22text%22+sde-model%3D%22%257B%2522desc%2522%253A%2522%25E5%259C%25B0%25E5%259D%2580%2522%252C%2522required%2522%253A0%252C%2522strictverify%2522%253A0%252C%2522notdel%2522%253A0%252C%2522verify%2522%253A%2522%2522%252C%2522mode%2522%253A%2522EDITOR%2522%257D%22+sde-isloadasyncdata%3D%22false%22+_sde-right%3D%22.%22+_sde-left%3D%22%22+contenteditable%3D%22false%22%3E%3Cspan+class%3D%22sde-value%22+title%3D%22%E5%9C%B0%E5%9D%80%22+_sde-right%3D%22%5D%22+_sde-left%3D%22%5B%22+contenteditable%3D%22true%22%3E%E8%B4%B5%E5%B7%9E%E7%9C%81%E6%AC%A3%E5%8E%BF%E9%AB%98%E5%9D%AA%E7%94%B0%E8%A1%97q%E5%BA%A7+605173%3C%2Fspan%3E%3C%2Fspan%3E%3C%2Fp%3E%3Cp+style%3D%22margin-top%3A+5px%3B+margin-left%3A+0px%3B+text-align%3A+justify%3B%22%3E%3Cbr%3E%3C%2Fp%3E%3Cp+style%3D%22margin-top%3A+5px%3B+margin-left%3A+0px%3B+text-align%3A+justify%3B%22%3E%26nbsp%3B+%E7%97%85%E6%83%85%E6%91%98%E8%A6%81%EF%BC%9A%3Cspan+class%3D%22sde-ctrl%22+id%3D%22bqzy%22+sde-type%3D%22text%22+sde-model%3D%22%257B%2522desc%2522%253A%2522%2526nbsp%253B%2526nbsp%253B%2526nbsp%253B%2522%252C%2522required%2522%253A0%252C%2522strictverify%2522%253A0%252C%2522notdel%2522%253A0%252C%2522verify%2522%253A%2522%2522%252C%2522mode%2522%253A%2522EDITOR%2522%257D%22+_sde-right%3D%22.%22+_sde-left%3D%22%22+sde-isloadasyncdata%3D%22false%22+contenteditable%3D%22false%22%3E%3Cspan+class%3D%22sde-value%22+title%3D%22%26amp%3Bnbsp%3B%26amp%3Bnbsp%3B%26amp%3Bnbsp%3B%22+_sde-right%3D%22%5D%22+_sde-left%3D%22%5B%22+contenteditable%3D%22true%22+_backups%3D%22%E6%82%A3%E8%80%85%E5%85%A8%E8%BA%AB%E5%87%BA%E7%8E%B0%E7%98%99%E7%97%92%EF%BC%8C%E7%BA%A2%E8%89%B2bankuai%26amp%3Bnbsp%3B%26amp%3Bnbsp%3B%22%3E%E6%82%A3%E8%80%85%E5%85%A8%E8%BA%AB%E5%87%BA%E7%8E%B0%E7%98%99%E7%97%92%EF%BC%8C%E7%BA%A2%E8%89%B2%E6%96%91%E5%9D%97%26nbsp%3B%26nbsp%3B%3C%2Fspan%3E%3C%2Fspan%3E%3C%2Fp%3E%3Cp+style%3D%22margin-top%3A+5px%3B+margin-left%3A+0px%3B+text-align%3A+justify%3B%22%3E%3Cbr%3E%3C%2Fp%3E%3Cp+style%3D%22margin-top%3A+5px%3B+margin-left%3A+0px%3B+text-align%3A+justify%3B%22%3E%26nbsp%3B%26nbsp%3B%26nbsp%3B%3Cspan+style%3D%22font-family%3A+%E6%A5%B7%E4%BD%93%2C+%E6%A5%B7%E4%BD%93_GB2312%2C+SimKai%3B%22%3E%26nbsp%3B+%26nbsp%3B%3C%2Fspan%3E%E8%AF%8A%E6%96%AD%EF%BC%9A%3Cspan+class%3D%22sde-ctrl%22+id%3D%22PADDiag%22+sde-type%3D%22text%22+sde-model%3D%22%257B%2522desc%2522%253A%2522%2522%252C%2522required%2522%253A0%252C%2522strictverify%2522%253A0%252C%2522notdel%2522%253A0%252C%2522verify%2522%253A%2522%2522%252C%2522mode%2522%253A%2522EDITOR%2522%257D%22+sde-isloadasyncdata%3D%22false%22+_sde-right%3D%22.%22+_sde-left%3D%22%22+contenteditable%3D%22false%22%3E%3Cspan+class%3D%22sde-value%22+title%3D%22%E8%AF%8A%E6%96%AD%22+_backups%3D%22%22+_sde-right%3D%22%5D%22+_sde-left%3D%22%5B%22+contenteditable%3D%22true%22%3E-%3C%2Fspan%3E%3C%2Fspan%3E%3Cbr%3E%3C%2Fp%3E%3Cp+style%3D%22margin-top%3A+5px%3B+margin-left%3A+0px%3B+text-align%3A+justify%3B%22%3E%3Cbr%3E%3C%2Fp%3E%3Cp+style%3D%22margin-top%3A+5px%3B+margin-left%3A+0px%3B+text-align%3A+justify%3B%22%3E%26nbsp%3B+%26nbsp%3B+%26nbsp%3B+%26nbsp%3B+%E5%BB%BA%E8%AE%AE%EF%BC%9A%3Cspan+class%3D%22sde-ctrl%22+id%3D%22suggest%22+sde-type%3D%22text%22+sde-model%3D%22%257B%2522desc%2522%253A%2522%2522%252C%2522required%2522%253A0%252C%2522strictverify%2522%253A0%252C%2522notdel%2522%253A0%252C%2522verify%2522%253A%2522%2522%252C%2522mode%2522%253A%2522EDITOR%2522%257D%22+sde-isloadasyncdata%3D%22false%22+_sde-right%3D%22.%22+_sde-left%3D%22%22+contenteditable%3D%22false%22%3E%3Cspan+class%3D%22sde-value%22+title%3D%22%E5%BB%BA%E8%AE%AE%22+_backups%3D%22%E8%85%B9%E9%83%A8%E5%BD%A9%E8%B6%85jiancha%22+_sde-right%3D%22%5D%22+_sde-left%3D%22%5B%22+contenteditable%3D%22true%22%3E%E8%85%B9%E9%83%A8%E5%BD%A9%E8%B6%85%E6%A3%80%E6%9F%A5%3C%2Fspan%3E%3C%2Fspan%3E%3C%2Fp%3E%3Cp+style%3D%22margin-left%3A+-32px%3B+text-align%3A+justify%3B%22%3E%3Cspan+style%3D%22font-family%3A+%E6%A5%B7%E4%BD%93%2C+%E6%A5%B7%E4%BD%93_GB2312%2C+SimKai%3B%22%3E%3Cbr%3E%3C%2Fspan%3E%3C%2Fp%3E%3Cp+style%3D%22text-align%3A+center%3B%22%3E%3Cspan+style%3D%22font-family%3A+%E6%A5%B7%E4%BD%93%2C+%E6%A5%B7%E4%BD%93_GB2312%2C+SimKai%3B%22%3E%3Cbr%3E%3C%2Fspan%3E%3C%2Fp%3E%3Cp+style%3D%22text-align%3A+center%3B%22%3E%3Cspan+style%3D%22font-family%3A+%E6%A5%B7%E4%BD%93%2C+%E6%A5%B7%E4%BD%93_GB2312%2C+SimKai%3B%22%3E%3Cbr%3E%3C%2Fspan%3E%3C%2Fp%3E%3Cp+style%3D%22text-align%3A+center%3B%22%3E%3Cspan+style%3D%22font-family%3A+%E6%A5%B7%E4%BD%93%2C+%E6%A5%B7%E4%BD%93_GB2312%2C+SimKai%3B%22%3E%3Cbr%3E%3C%2Fspan%3E%3C%2Fp%3E%3Cp+style%3D%22text-align%3A+center%3B%22%3E%3Cspan+style%3D%22font-family%3A+%E6%A5%B7%E4%BD%93%2C+%E6%A5%B7%E4%BD%93_GB2312%2C+SimKai%3B%22%3E%3Cbr%3E%3C%2Fspan%3E%3C%2Fp%3E%3Cp+style%3D%22text-align%3A+center%3B%22%3E%3Cspan+style%3D%22font-family%3A+%E6%A5%B7%E4%BD%93%2C+%E6%A5%B7%E4%BD%93_GB2312%2C+SimKai%3B%22%3E%3Cbr%3E%3C%2Fspan%3E%3C%2Fp%3E%3Cp+style%3D%22text-align%3A+center%3B%22%3E%3Cspan+style%3D%22font-family%3A+%E6%A5%B7%E4%BD%93%2C+%E6%A5%B7%E4%BD%93_GB2312%2C+SimKai%3B%22%3E%3Cbr%3E%3C%2Fspan%3E%3C%2Fp%3E%3Cp+style%3D%22text-align%3A+center%3B%22%3E%3Cspan+style%3D%22font-family%3A+%E6%A5%B7%E4%BD%93%2C+%E6%A5%B7%E4%BD%93_GB2312%2C+SimKai%3B%22%3E%3Cbr%3E%3C%2Fspan%3E%3C%2Fp%3E%3Cp+style%3D%22text-align%3A+center%3B%22%3E%3Cspan+style%3D%22font-family%3A+%E6%A5%B7%E4%BD%93%2C+%E6%A5%B7%E4%BD%93_GB2312%2C+SimKai%3B%22%3E%3Cbr%3E%3C%2Fspan%3E%3C%2Fp%3E%3Cp+style%3D%22text-align%3A+center%3B%22%3E%3Cspan+style%3D%22font-family%3A+%E6%A5%B7%E4%BD%93%2C+%E6%A5%B7%E4%BD%93_GB2312%2C+SimKai%3B%22%3E%3Cbr%3E%3C%2Fspan%3E%3C%2Fp%3E%3Cp+style%3D%22text-align%3A+center%3B%22%3E%3Cspan+style%3D%22font-family%3A+%E6%A5%B7%E4%BD%93%2C+%E6%A5%B7%E4%BD%93_GB2312%2C+SimKai%3B%22%3E%3Cbr%3E%3C%2Fspan%3E%3C%2Fp%3E%3Cp+style%3D%22text-align%3A+center%3B%22%3E%3Cspan+style%3D%22font-family%3A+%E6%A5%B7%E4%BD%93%2C+%E6%A5%B7%E4%BD%93_GB2312%2C+SimKai%3B%22%3E%3Cbr%3E%3C%2Fspan%3E%3C%2Fp%3E%3Cp+style%3D%22text-align%3A+center%3B%22%3E%3Cspan+style%3D%22font-family%3A+%E6%A5%B7%E4%BD%93%2C+%E6%A5%B7%E4%BD%93_GB2312%2C+SimKai%3B%22%3E%3C%2Fspan%3E%3C%2Fp%3E%E6%97%A5%E6%9C%9F%EF%BC%9A%3Cspan+class%3D%22sde-ctrl%22+id%3D%22date%22+sde-type%3D%22date%22+sde-model%3D%22%257B%2522desc%2522%253A%2522%2522%252C%2522required%2522%253A0%252C%2522strictverify%2522%253A0%252C%2522notdel%2522%253A0%252C%2522mode%2522%253A%2522EDITOR%2522%252C%2522min%2522%253A%2522%2522%252C%2522max%2522%253A%2522%2522%252C%2522format%2522%253A%2522%257Byyyy%257D-%257BMM%257D-%257Bdd%257D%2522%252C%2522defvalue%2522%253A%2522%2522%257D%22+sde-isloadasyncdata%3D%22false%22+_sde-right%3D%22.%22+_sde-left%3D%22%22+contenteditable%3D%22false%22%3E%3Cspan+class%3D%22sde-value%22+_sde-right%3D%22%5D%22+_sde-left%3D%22%5B%22+contenteditable%3D%22true%22%3E2020-10-10%3C%2Fspan%3E%3C%2Fspan%3E%26nbsp%3B+%26nbsp%3B+%26nbsp%3B+%26nbsp%3B+%26nbsp%3B%26nbsp%3B+%E7%A7%91%E5%88%AB%EF%BC%9A%3Cspan+class%3D%22sde-ctrl%22+id%3D%22DeptName%22+sde-type%3D%22text%22+sde-model%3D%22%257B%2522desc%2522%253A%2522%25E7%259A%25AE%25E8%2582%25A4%25E7%25A7%2591%2522%252C%2522required%2522%253A0%252C%2522strictverify%2522%253A0%252C%2522notdel%2522%253A0%252C%2522verify%2522%253A%2522%2522%252C%2522mode%2522%253A%2522EDITOR%2522%257D%22+sde-isloadasyncdata%3D%22false%22+_sde-right%3D%22.%22+_sde-left%3D%22%22+contenteditable%3D%22false%22%3E%3Cspan+class%3D%22sde-value%22+title%3D%22%E7%9A%AE%E8%82%A4%E7%A7%91%22+_sde-right%3D%22%5D%22+_sde-left%3D%22%5B%22+contenteditable%3D%22true%22%3E%E6%80%A5%E8%AF%8A%E5%86%85%E7%A7%91%3C%2Fspan%3E%3C%2Fspan%3E%26nbsp%3B+%26nbsp%3B+%26nbsp%3B+%26nbsp%3B+%26nbsp%3B%26nbsp%3B+%E5%8C%BB%E5%B8%88%EF%BC%9A%3Cspan+class%3D%22sde-ctrl%22+id%3D%22DOCname%22+sde-type%3D%22select%22+sde-model%3D%22%257B%2522desc%2522%253A%2522%2520%2520%2520%2522%252C%2522required%2522%253A0%252C%2522multi%2522%253A0%252C%2522notdel%2522%253A0%252C%2522mode%2522%253A%2522EDITOR%2522%252C%2522bindingdata%2522%253A%255B%255D%252C%2522remotedata%2522%253Anull%257D%22+sde-isloadasyncdata%3D%22true%22+bindingdata%3D%22%5B%7B%26quot%3Bvalue%26quot%3B%3A10046%2C%26quot%3Blabel%26quot%3B%3A%26quot%3B%E9%BB%84%E6%AC%A2%E6%AC%A2%26quot%3B%7D%2C%7B%26quot%3Bvalue%26quot%3B%3A10047%2C%26quot%3Blabel%26quot%3B%3A%26quot%3B%E4%BD%99%E6%99%93%E8%8B%B1%26quot%3B%7D%2C%7B%26quot%3Bvalue%26quot%3B%3A10053%2C%26quot%3Blabel%26quot%3B%3A%26quot%3B%E5%86%AF%E5%BD%A9%E8%8A%B3%26quot%3B%7D%2C%7B%26quot%3Bvalue%26quot%3B%3A10061%2C%26quot%3Blabel%26quot%3B%3A%26quot%3B%E8%83%A1%E6%95%8F%26quot%3B%7D%2C%7B%26quot%3Bvalue%26quot%3B%3A10062%2C%26quot%3Blabel%26quot%3B%3A%26quot%3B%E9%AB%98%E5%8D%9A%26quot%3B%7D%2C%7B%26quot%3Bvalue%26quot%3B%3A10065%2C%26quot%3Blabel%26quot%3B%3A%26quot%3B%E4%BA%8E%E4%B8%96%E6%98%8E%26quot%3B%7D%2C%7B%26quot%3Bvalue%26quot%3B%3A10066%2C%26quot%3Blabel%26quot%3B%3A%26quot%3B%E6%9D%8E%E9%9B%85%E8%8F%B2%26quot%3B%7D%2C%7B%26quot%3Bvalue%26quot%3B%3A10069%2C%26quot%3Blabel%26quot%3B%3A%26quot%3B%E9%AB%98%E4%B8%89%26quot%3B%7D%2C%7B%26quot%3Bvalue%26quot%3B%3A10078%2C%26quot%3Blabel%26quot%3B%3A%26quot%3Bjxy4%26quot%3B%7D%2C%7B%26quot%3Bvalue%26quot%3B%3A10080%2C%26quot%3Blabel%26quot%3B%3A%26quot%3Bjxy6%26quot%3B%7D%2C%7B%26quot%3Bvalue%26quot%3B%3A10081%2C%26quot%3Blabel%26quot%3B%3A%26quot%3B%E4%B8%87%E5%8C%BB%E7%94%9F%26quot%3B%7D%2C%7B%26quot%3Bvalue%26quot%3B%3A10085%2C%26quot%3Blabel%26quot%3B%3A%26quot%3B%E5%BC%A0%E6%97%A0%E5%BF%8C%26quot%3B%7D%2C%7B%26quot%3Bvalue%26quot%3B%3A10086%2C%26quot%3Blabel%26quot%3B%3A%26quot%3B%E5%88%98%E6%99%93%E4%BF%8A%26quot%3B%7D%2C%7B%26quot%3Bvalue%26quot%3B%3A10092%2C%26quot%3Blabel%26quot%3B%3A%26quot%3B%E9%82%B1%E8%90%8D%26quot%3B%7D%2C%7B%26quot%3Bvalue%26quot%3B%3A10109%2C%26quot%3Blabel%26quot%3B%3A%26quot%3B%E7%8E%8B%E8%BD%B6%E9%94%8B%26quot%3B%7D%2C%7B%26quot%3Bvalue%26quot%3B%3A2000003%2C%26quot%3Blabel%26quot%3B%3A%26quot%3Bgaobo%26quot%3B%7D%2C%7B%26quot%3Bvalue%26quot%3B%3A2000004%2C%26quot%3Blabel%26quot%3B%3A%26quot%3B%E6%BB%8B%E6%BB%8B%26quot%3B%7D%2C%7B%26quot%3Bvalue%26quot%3B%3A2000005%2C%26quot%3Blabel%26quot%3B%3A%26quot%3B%E9%BB%84%E4%BA%9A%26quot%3B%7D%2C%7B%26quot%3Bvalue%26quot%3B%3A2000008%2C%26quot%3Blabel%26quot%3B%3A%26quot%3B%E7%8E%8B%E6%97%AD%E4%B8%9C%26quot%3B%7D%2C%7B%26quot%3Bvalue%26quot%3B%3A2000009%2C%26quot%3Blabel%26quot%3B%3A%26quot%3B%E6%80%A5%E8%AF%8A%E4%BA%8C%26quot%3B%7D%2C%7B%26quot%3Bvalue%26quot%3B%3A2000010%2C%26quot%3Blabel%26quot%3B%3A%26quot%3B%E4%B8%BB%E4%BB%BB%E4%B8%80%26quot%3B%7D%2C%7B%26quot%3Bvalue%26quot%3B%3A2000012%2C%26quot%3Blabel%26quot%3B%3A%26quot%3B%E6%80%A5%E8%AF%8A%E4%B8%89%26quot%3B%7D%2C%7B%26quot%3Bvalue%26quot%3B%3A2000014%2C%26quot%3Blabel%26quot%3B%3A%26quot%3B%E9%BC%93%E6%A5%BC%E5%8C%BB%E9%99%A2%E5%8C%BB%E7%94%9F%26quot%3B%7D%2C%7B%26quot%3Bvalue%26quot%3B%3A2000015%2C%26quot%3Blabel%26quot%3B%3A%26quot%3B%E6%B1%9F%E8%8B%8F%E4%BA%BA%E6%B0%91%E5%8C%BB%E9%99%A2%26quot%3B%7D%2C%7B%26quot%3Bvalue%26quot%3B%3A2000016%2C%26quot%3Blabel%26quot%3B%3A%26quot%3B%E6%80%A5%E8%AF%8A2%26quot%3B%7D%5D%22+sde-updatetime%3D%222020-10-10T07%3A49%3A08.721Z%22+_sde-right%3D%22.%22+_sde-left%3D%22%22+contenteditable%3D%22false%22+sde-value%3D%22%5B%7B%26quot%3Blabel%26quot%3B%3A%26quot%3B%E7%8E%8B%E6%97%AD%E4%B8%9C%26quot%3B%2C%26quot%3Bselected%26quot%3B%3A0%2C%26quot%3Bvalue%26quot%3B%3A%26quot%3B%E7%8E%8B%E6%97%AD%E4%B8%9C%26quot%3B%7D%5D%22%3E%3Cspan+class%3D%22sde-value+sde-select%22+title%3D%22+++%22+_sde-right%3D%22%5D%22+_sde-left%3D%22%5B%22+contenteditable%3D%22true%22%3E%E7%8E%8B%E6%97%AD%E4%B8%9C%3C%2Fspan%3E%3C%2Fspan%3E%3Cp+style%3D%22text-align%3A+left%3B%22%3E%E2%80%94%E2%80%94%E2%80%94%E2%80%94%E2%80%94%E2%80%94%E2%80%94%E2%80%94%E2%80%94%E2%80%94%E2%80%94%E2%80%94%E2%80%94%E2%80%94%E2%80%94%E2%80%94%E2%80%94%E2%80%94%E2%80%94%E2%80%94%E2%80%94%E2%80%94%E2%80%94%E2%80%94%E2%80%94%E2%80%94%E2%80%94%E2%80%94%E2%80%94%3Cbr%3E%3C%2Fp%3E
实际响应：{"total":null,"message":"保存成功","rows":1,"status":200}
[2020-11-04 11:41:25,901-logger.py]-INFO:检查点:"message":"保存成功"--pass
[2020-11-04 11:41:25,903-logger.py]-INFO:----------------
[2020-11-04 11:41:25,905-logger.py]-INFO:检查点:"status":200--pass
[2020-11-04 11:41:25,906-logger.py]-INFO:----------------
[2020-11-04 11:41:26,239-logger.py]-INFO:
用例文件：C:/Users/Administrator/PycharmProjects/ECS\data\医生工作站\医生工作站-抢救患者.xlsx
用例编号：13.0
接口名称：抢救患者
接口地址：/triagedoctor/rescue/savePatientLeaveDirectionDoctor
用例名称：医生工作站-抢救患者-选择患者去向
用例描述：测试医生工作站-抢救患者-选择患者去向（留抢）
请求内容：department=抢救室1&patientid=2011040059&qxtime=2020-11-04 11:41&leavedirection={"dre":"留抢","dremsg":""}&nurseid=2000008
实际响应：{"total":null,"message":"操作成功","rows":1,"status":200}
[2020-11-04 11:41:26,240-logger.py]-INFO:检查点:"message":"操作成功"--pass
[2020-11-04 11:41:26,241-logger.py]-INFO:----------------
[2020-11-04 11:41:26,241-logger.py]-INFO:检查点:"status":200--pass
[2020-11-04 11:41:26,242-logger.py]-INFO:----------------
[2020-11-04 11:41:27,723-logger.py]-INFO:
用例文件：C:/Users/Administrator/PycharmProjects/ECS\data\医生工作站\医生工作站-抢救患者.xlsx
用例编号：14.0
接口名称：抢救患者
接口地址：/triagedoctor/rescue/savePatientLeaveDirectionAndLeaveTimeDoctor
用例名称：医生工作站-抢救患者-选择患者去向（离开抢救室）
用例描述：测试医生工作站-抢救患者-选择患者去向（离开抢救室）
请求内容：department=抢救室1&patientid=2011040059&leavedirection={"dre":"离开抢救室","dremsg":""}&qxtime=2020-11-04 11:41&nurseid=2000008
实际响应：{"total":null,"message":"操作成功","rows":1,"status":200}
[2020-11-04 11:41:27,725-logger.py]-INFO:检查点:"message":"操作成功"--pass
[2020-11-04 11:41:27,726-logger.py]-INFO:----------------
[2020-11-04 11:41:27,727-logger.py]-INFO:检查点:"status":200--pass
[2020-11-04 11:41:27,728-logger.py]-INFO:----------------
[2020-11-04 11:41:27,765-logger.py]-INFO:执行测试用例数：10  通过用例数：10  失败用例数：0
[2020-11-04 11:41:29,165-logger.py]-INFO:
用例文件：C:/Users/Administrator/PycharmProjects/ECS\data\医生工作站\医生工作站-留观患者.xlsx
用例编号：1.0
接口名称：留观患者
接口地址：/triage/divid/save
用例名称：预置数据：添加待接诊患者
用例描述：预置测试数据
请求内容：id=&fullname=夏雨&cardnum=698515201409041200&bornday=1998-06-25&gender=男&tel=13525213245&card_type=01&parenttel=15721028988&reason=发烧3天，高烧不退&idcard=350814199806258560&address=江苏省南京市江宁区双龙大道1088号明月新寓花园&memberstel=夏东海&category=1&admission=步行&GreenChFlag=N&ThreeNoFlag=N&others=&consciousness=模糊&anamnesis=无&status=未接诊&source=自行来院&age=22岁&registertime=&sg=174&tz=68&il6=&crp=&cea=&afp=&myo=&ddimer=&fer=&ntprobnp=&hsctnl=&ckmb=&ctnt=&ca=&sighid=&handleid=&autograde=1001&finalgrade=&changereason=选择修改原因&reasondetail=修改原因:&hljl=已测体温超过38度，患者先要挂水退烧&nurse=高博&nurseid=10062&deptment=39&deptmentname=急诊内科&symtpomid=12562338488&symtpomzdyvalue=&symtpomzdygrade=&edts_ids=&edts_ids_qitastatus=false&edts_ids_qita=&mews_ids=&mews_score=&edts_score=&pain_score=2&fast_score=A&gcs_score=14&sign_grade=&dividtime=2020-10-07 13:34&signurl=&xgpj=&cixu=1&maxcixu=1&feijz=1&hisid=&PAADMVisitNumber=&savestatus=save&allergic_history=不详&supplement=&events_id=&events_name=&go_rct=0&remark=&GCS_xq=4,5,5&isFuzhen=N&isLiuguan=N&is_changegrade=0
实际响应：{"total":null,"message":"保存成功","rows":{"sighid":"773511862930112512","grade":"1001","id":"2011040060","fullname":"夏雨","handleid":"773511863060135936","status":"未接诊"},"status":200}
[2020-11-04 11:41:29,497-logger.py]-INFO:
用例文件：C:/Users/Administrator/PycharmProjects/ECS\data\医生工作站\医生工作站-留观患者.xlsx
用例编号：2.0
接口名称：留观患者
接口地址：/triagedoctor/index/admissions
用例名称：预置数据：门诊患者-接诊患者
用例描述：预置测试数据
请求内容：userid=2000008&userName=王旭东&departId=3&depart=急诊神经内科&patient_id=2011040060&cardNum=698515201409041200&hand_id=758618679297441792&receiveTime=2020-11-04 11:41&sex=男&age=22岁&idnum=350814199806258560&tel=13525213245&fullname=夏雨
实际响应：{"total":null,"message":"接诊成功","rows":{"saveResult":"1","id":"773511866117783552"},"status":200}
[2020-11-04 11:41:29,498-logger.py]-INFO:检查点:"message":"接诊成功"--pass
[2020-11-04 11:41:29,499-logger.py]-INFO:----------------
[2020-11-04 11:41:29,500-logger.py]-INFO:检查点:"status":200--pass
[2020-11-04 11:41:29,501-logger.py]-INFO:----------------
[2020-11-04 11:41:30,094-logger.py]-INFO:
用例文件：C:/Users/Administrator/PycharmProjects/ECS\data\医生工作站\医生工作站-留观患者.xlsx
用例编号：3.0
接口名称：留观患者
接口地址：/triagedoctor/index/savePatientLeaveDirectionDoctor
用例名称：预置数据：门诊患者-患者去向选择留观
用例描述：预置测试数据
请求内容：leavedirection={"dre":"留观","dremsg":""}&leaveTime=2020-11-04 11:41&patientid=2011040060&userId=2000008
实际响应：{"total":null,"message":"操作成功","rows":1,"status":200}
[2020-11-04 11:41:30,095-logger.py]-INFO:检查点:"message":"操作成功"--pass
[2020-11-04 11:41:30,096-logger.py]-INFO:----------------
[2020-11-04 11:41:30,097-logger.py]-INFO:检查点:"status":200--pass
[2020-11-04 11:41:30,098-logger.py]-INFO:----------------
[2020-11-04 11:41:30,579-logger.py]-INFO:
用例文件：C:/Users/Administrator/PycharmProjects/ECS\data\医生工作站\医生工作站-留观患者.xlsx
用例编号：4.0
接口名称：留观患者
接口地址：/triageobserve/index/getWard
用例名称：预置数据：留观工作站-查询留观工作站Ward
用例描述：预置测试数据
请求内容：user_id=2000008
实际响应：{"total":null,"message":"获取成功","rows":{"name":"留观室1","id":"584043716574969856"},"status":200}
